{"/Users/maelbourdin/Documents/Epsi/Cours/2025-2026/Workshop/Application/Jamesbond/007/src/App.tsx": {"path":"/Users/maelbourdin/Documents/Epsi/Cours/2025-2026/Workshop/Application/Jamesbond/007/src/App.tsx","statementMap":{"0":{"start":{"line":1,"column":0},"end":{"line":1,"column":43}},"1":{"start":{"line":2,"column":0},"end":{"line":2,"column":20}},"2":{"start":{"line":3,"column":0},"end":{"line":3,"column":43}},"3":{"start":{"line":4,"column":0},"end":{"line":4,"column":51}},"4":{"start":{"line":5,"column":0},"end":{"line":5,"column":60}},"5":{"start":{"line":6,"column":0},"end":{"line":6,"column":62}},"6":{"start":{"line":11,"column":15},"end":{"line":11,"column":92}},"7":{"start":{"line":12,"column":2},"end":{"line":12,"column":52}},"8":{"start":{"line":12,"column":35},"end":{"line":12,"column":52}},"9":{"start":{"line":13,"column":2},"end":{"line":13,"column":16}},"10":{"start":{"line":17,"column":28},"end":{"line":17,"column":59}},"11":{"start":{"line":19,"column":2},"end":{"line":23,"column":9}},"12":{"start":{"line":20,"column":25},"end":{"line":20,"column":55}},"13":{"start":{"line":20,"column":31},"end":{"line":20,"column":55}},"14":{"start":{"line":21,"column":4},"end":{"line":21,"column":56}},"15":{"start":{"line":22,"column":4},"end":{"line":22,"column":72}},"16":{"start":{"line":22,"column":17},"end":{"line":22,"column":71}},"17":{"start":{"line":25,"column":2},"end":{"line":31,"column":null}},"18":{"start":{"line":34,"column":0},"end":{"line":34,"column":null}}},"fnMap":{"0":{"name":"resolveRoute","decl":{"start":{"line":10,"column":9},"end":{"line":10,"column":21}},"loc":{"start":{"line":10,"column":21},"end":{"line":14,"column":1}}},"1":{"name":"App","decl":{"start":{"line":16,"column":9},"end":{"line":16,"column":12}},"loc":{"start":{"line":16,"column":12},"end":{"line":32,"column":1}}},"2":{"name":"(anonymous_3)","decl":{"start":{"line":19,"column":12},"end":{"line":19,"column":15}},"loc":{"start":{"line":19,"column":17},"end":{"line":23,"column":3}}},"3":{"name":"(anonymous_4)","decl":{"start":{"line":20,"column":25},"end":{"line":20,"column":28}},"loc":{"start":{"line":20,"column":31},"end":{"line":20,"column":55}}},"4":{"name":"(anonymous_5)","decl":{"start":{"line":22,"column":11},"end":{"line":22,"column":14}},"loc":{"start":{"line":22,"column":17},"end":{"line":22,"column":71}}}},"branchMap":{"0":{"loc":{"start":{"line":11,"column":16},"end":{"line":11,"column":73}},"type":"cond-expr","locations":[{"start":{"line":11,"column":48},"end":{"line":11,"column":68}},{"start":{"line":11,"column":71},"end":{"line":11,"column":73}}]},"1":{"loc":{"start":{"line":12,"column":2},"end":{"line":12,"column":52}},"type":"if","locations":[{"start":{"line":12,"column":2},"end":{"line":12,"column":52}},{"start":{},"end":{}}]},"2":{"loc":{"start":{"line":27,"column":7},"end":{"line":27,"column":56}},"type":"cond-expr","locations":[{"start":{"line":27,"column":29},"end":{"line":27,"column":42}},{"start":{"line":27,"column":45},"end":{"line":27,"column":56}}]}},"s":{"0":2,"1":2,"2":2,"3":2,"4":2,"5":2,"6":2,"7":2,"8":1,"9":1,"10":2,"11":2,"12":2,"13":0,"14":2,"15":2,"16":2,"17":2,"18":2},"f":{"0":2,"1":2,"2":2,"3":0,"4":2},"b":{"0":[2,0],"1":[1,1],"2":[1,1]}}
,"/Users/maelbourdin/Documents/Epsi/Cours/2025-2026/Workshop/Application/Jamesbond/007/src/main.tsx": {"path":"/Users/maelbourdin/Documents/Epsi/Cours/2025-2026/Workshop/Application/Jamesbond/007/src/main.tsx","statementMap":{"0":{"start":{"line":1,"column":0},"end":{"line":1,"column":34}},"1":{"start":{"line":2,"column":0},"end":{"line":2,"column":45}},"2":{"start":{"line":3,"column":0},"end":{"line":3,"column":20}},"3":{"start":{"line":4,"column":0},"end":{"line":4,"column":27}},"4":{"start":{"line":6,"column":0},"end":{"line":10,"column":null}}},"fnMap":{},"branchMap":{},"s":{"0":1,"1":1,"2":1,"3":1,"4":1},"f":{},"b":{}}
,"/Users/maelbourdin/Documents/Epsi/Cours/2025-2026/Workshop/Application/Jamesbond/007/src/app/application/dashboard.tsx": {"path":"/Users/maelbourdin/Documents/Epsi/Cours/2025-2026/Workshop/Application/Jamesbond/007/src/app/application/dashboard.tsx","statementMap":{"0":{"start":{"line":20,"column":0},"end":{"line":20,"column":24}},"1":{"start":{"line":1,"column":0},"end":{"line":1,"column":60}},"2":{"start":{"line":2,"column":0},"end":{"line":2,"column":48}},"3":{"start":{"line":3,"column":0},"end":{"line":3,"column":57}},"4":{"start":{"line":21,"column":28},"end":{"line":21,"column":55}},"5":{"start":{"line":22,"column":32},"end":{"line":22,"column":55}},"6":{"start":{"line":23,"column":28},"end":{"line":23,"column":57}},"7":{"start":{"line":24,"column":40},"end":{"line":24,"column":67}},"8":{"start":{"line":25,"column":52},"end":{"line":25,"column":72}},"9":{"start":{"line":26,"column":38},"end":{"line":26,"column":58}},"10":{"start":{"line":27,"column":40},"end":{"line":27,"column":60}},"11":{"start":{"line":28,"column":42},"end":{"line":28,"column":66}},"12":{"start":{"line":30,"column":38},"end":{"line":30,"column":68}},"13":{"start":{"line":31,"column":36},"end":{"line":31,"column":87}},"14":{"start":{"line":32,"column":38},"end":{"line":32,"column":58}},"15":{"start":{"line":35,"column":46},"end":{"line":35,"column":66}},"16":{"start":{"line":36,"column":42},"end":{"line":36,"column":62}},"17":{"start":{"line":37,"column":48},"end":{"line":37,"column":68}},"18":{"start":{"line":38,"column":38},"end":{"line":38,"column":58}},"19":{"start":{"line":39,"column":40},"end":{"line":39,"column":64}},"20":{"start":{"line":40,"column":22},"end":{"line":40,"column":52}},"21":{"start":{"line":41,"column":20},"end":{"line":41,"column":50}},"22":{"start":{"line":44,"column":4},"end":{"line":59,"column":5}},"23":{"start":{"line":45,"column":6},"end":{"line":45,"column":null}},"24":{"start":{"line":46,"column":30},"end":{"line":50,"column":20}},"25":{"start":{"line":51,"column":6},"end":{"line":51,"column":null}},"26":{"start":{"line":51,"column":17},"end":{"line":51,"column":null}},"27":{"start":{"line":52,"column":6},"end":{"line":52,"column":null}},"28":{"start":{"line":53,"column":6},"end":{"line":53,"column":null}},"29":{"start":{"line":54,"column":6},"end":{"line":54,"column":null}},"30":{"start":{"line":56,"column":6},"end":{"line":56,"column":null}},"31":{"start":{"line":58,"column":6},"end":{"line":58,"column":null}},"32":{"start":{"line":62,"column":2},"end":{"line":64,"column":null}},"33":{"start":{"line":63,"column":4},"end":{"line":63,"column":null}},"34":{"start":{"line":67,"column":22},"end":{"line":87,"column":32}},"35":{"start":{"line":68,"column":24},"end":{"line":68,"column":54}},"36":{"start":{"line":69,"column":4},"end":{"line":74,"column":5}},"37":{"start":{"line":70,"column":19},"end":{"line":70,"column":50}},"38":{"start":{"line":71,"column":6},"end":{"line":73,"column":7}},"39":{"start":{"line":72,"column":8},"end":{"line":72,"column":null}},"40":{"start":{"line":75,"column":16},"end":{"line":79,"column":7}},"41":{"start":{"line":75,"column":61},"end":{"line":79,"column":6}},"42":{"start":{"line":81,"column":4},"end":{"line":85,"column":5}},"43":{"start":{"line":82,"column":6},"end":{"line":82,"column":null}},"44":{"start":{"line":83,"column":6},"end":{"line":83,"column":null}},"45":{"start":{"line":84,"column":6},"end":{"line":84,"column":null}},"46":{"start":{"line":86,"column":4},"end":{"line":86,"column":null}},"47":{"start":{"line":90,"column":4},"end":{"line":142,"column":5}},"48":{"start":{"line":91,"column":6},"end":{"line":91,"column":null}},"49":{"start":{"line":92,"column":6},"end":{"line":92,"column":null}},"50":{"start":{"line":93,"column":6},"end":{"line":93,"column":null}},"51":{"start":{"line":93,"column":31},"end":{"line":93,"column":null}},"52":{"start":{"line":94,"column":6},"end":{"line":94,"column":null}},"53":{"start":{"line":94,"column":30},"end":{"line":94,"column":null}},"54":{"start":{"line":95,"column":19},"end":{"line":95,"column":96}},"55":{"start":{"line":96,"column":6},"end":{"line":96,"column":null}},"56":{"start":{"line":96,"column":17},"end":{"line":96,"column":null}},"57":{"start":{"line":97,"column":21},"end":{"line":97,"column":59}},"58":{"start":{"line":98,"column":25},"end":{"line":98,"column":62}},"59":{"start":{"line":99,"column":18},"end":{"line":99,"column":60}},"60":{"start":{"line":100,"column":17},"end":{"line":100,"column":54}},"61":{"start":{"line":101,"column":6},"end":{"line":137,"column":7}},"62":{"start":{"line":102,"column":17},"end":{"line":102,"column":23}},"63":{"start":{"line":103,"column":8},"end":{"line":111,"column":18}},"64":{"start":{"line":104,"column":10},"end":{"line":110,"column":11}},"65":{"start":{"line":105,"column":22},"end":{"line":105,"column":38}},"66":{"start":{"line":106,"column":12},"end":{"line":106,"column":null}},"67":{"start":{"line":106,"column":44},"end":{"line":106,"column":null}},"68":{"start":{"line":108,"column":22},"end":{"line":108,"column":54}},"69":{"start":{"line":109,"column":12},"end":{"line":109,"column":null}},"70":{"start":{"line":109,"column":57},"end":{"line":109,"column":null}},"71":{"start":{"line":112,"column":8},"end":{"line":112,"column":null}},"72":{"start":{"line":114,"column":33},"end":{"line":114,"column":37}},"73":{"start":{"line":115,"column":33},"end":{"line":115,"column":37}},"74":{"start":{"line":116,"column":8},"end":{"line":131,"column":18}},"75":{"start":{"line":117,"column":10},"end":{"line":130,"column":11}},"76":{"start":{"line":118,"column":22},"end":{"line":118,"column":38}},"77":{"start":{"line":119,"column":12},"end":{"line":125,"column":13}},"78":{"start":{"line":120,"column":24},"end":{"line":120,"column":79}},"79":{"start":{"line":121,"column":14},"end":{"line":121,"column":71}},"80":{"start":{"line":121,"column":23},"end":{"line":121,"column":46}},"81":{"start":{"line":121,"column":47},"end":{"line":121,"column":70}},"82":{"start":{"line":123,"column":14},"end":{"line":123,"column":null}},"83":{"start":{"line":124,"column":14},"end":{"line":124,"column":null}},"84":{"start":{"line":127,"column":22},"end":{"line":127,"column":38}},"85":{"start":{"line":128,"column":22},"end":{"line":128,"column":73}},"86":{"start":{"line":129,"column":12},"end":{"line":129,"column":69}},"87":{"start":{"line":129,"column":21},"end":{"line":129,"column":44}},"88":{"start":{"line":129,"column":45},"end":{"line":129,"column":68}},"89":{"start":{"line":132,"column":8},"end":{"line":136,"column":9}},"90":{"start":{"line":133,"column":10},"end":{"line":133,"column":null}},"91":{"start":{"line":135,"column":10},"end":{"line":135,"column":null}},"92":{"start":{"line":139,"column":6},"end":{"line":139,"column":null}},"93":{"start":{"line":141,"column":6},"end":{"line":141,"column":null}},"94":{"start":{"line":146,"column":20},"end":{"line":170,"column":13}},"95":{"start":{"line":147,"column":24},"end":{"line":147,"column":54}},"96":{"start":{"line":148,"column":4},"end":{"line":154,"column":5}},"97":{"start":{"line":149,"column":6},"end":{"line":149,"column":61}},"98":{"start":{"line":149,"column":53},"end":{"line":149,"column":61}},"99":{"start":{"line":150,"column":19},"end":{"line":150,"column":50}},"100":{"start":{"line":151,"column":6},"end":{"line":153,"column":7}},"101":{"start":{"line":152,"column":8},"end":{"line":152,"column":null}},"102":{"start":{"line":155,"column":16},"end":{"line":155,"column":26}},"103":{"start":{"line":156,"column":4},"end":{"line":169,"column":null}},"104":{"start":{"line":156,"column":56},"end":{"line":169,"column":6}},"105":{"start":{"line":173,"column":24},"end":{"line":186,"column":72}},"106":{"start":{"line":174,"column":19},"end":{"line":174,"column":96}},"107":{"start":{"line":175,"column":17},"end":{"line":175,"column":89}},"108":{"start":{"line":176,"column":16},"end":{"line":176,"column":52}},"109":{"start":{"line":177,"column":17},"end":{"line":177,"column":48}},"110":{"start":{"line":179,"column":4},"end":{"line":185,"column":null}},"111":{"start":{"line":180,"column":17},"end":{"line":180,"column":48}},"112":{"start":{"line":181,"column":6},"end":{"line":181,"column":null}},"113":{"start":{"line":181,"column":36},"end":{"line":181,"column":null}},"114":{"start":{"line":182,"column":6},"end":{"line":182,"column":null}},"115":{"start":{"line":182,"column":70},"end":{"line":182,"column":null}},"116":{"start":{"line":183,"column":6},"end":{"line":183,"column":null}},"117":{"start":{"line":183,"column":85},"end":{"line":183,"column":null}},"118":{"start":{"line":184,"column":6},"end":{"line":184,"column":null}},"119":{"start":{"line":188,"column":2},"end":{"line":429,"column":null}},"120":{"start":{"line":214,"column":29},"end":{"line":214,"column":43}},"121":{"start":{"line":215,"column":18},"end":{"line":215,"column":null}},"122":{"start":{"line":216,"column":32},"end":{"line":216,"column":66}},"123":{"start":{"line":216,"column":54},"end":{"line":216,"column":65}},"124":{"start":{"line":217,"column":18},"end":{"line":217,"column":null}},"125":{"start":{"line":218,"column":18},"end":{"line":218,"column":null}},"126":{"start":{"line":223,"column":18},"end":{"line":223,"column":37}},"127":{"start":{"line":231,"column":33},"end":{"line":231,"column":63}},"128":{"start":{"line":240,"column":33},"end":{"line":240,"column":62}},"129":{"start":{"line":247,"column":31},"end":{"line":247,"column":44}},"130":{"start":{"line":254,"column":31},"end":{"line":254,"column":43}},"131":{"start":{"line":311,"column":33},"end":{"line":311,"column":56}},"132":{"start":{"line":311,"column":53},"end":{"line":311,"column":55}},"133":{"start":{"line":326,"column":41},"end":{"line":326,"column":74}},"134":{"start":{"line":332,"column":37},"end":{"line":332,"column":56}},"135":{"start":{"line":333,"column":26},"end":{"line":333,"column":41}},"136":{"start":{"line":333,"column":35},"end":{"line":333,"column":41}},"137":{"start":{"line":334,"column":40},"end":{"line":334,"column":84}},"138":{"start":{"line":335,"column":26},"end":{"line":335,"column":null}},"139":{"start":{"line":335,"column":70},"end":{"line":335,"column":89}},"140":{"start":{"line":335,"column":95},"end":{"line":335,"column":null}},"141":{"start":{"line":353,"column":41},"end":{"line":353,"column":72}},"142":{"start":{"line":359,"column":37},"end":{"line":359,"column":54}},"143":{"start":{"line":360,"column":26},"end":{"line":360,"column":41}},"144":{"start":{"line":360,"column":35},"end":{"line":360,"column":41}},"145":{"start":{"line":361,"column":40},"end":{"line":361,"column":84}},"146":{"start":{"line":362,"column":26},"end":{"line":362,"column":null}},"147":{"start":{"line":362,"column":70},"end":{"line":362,"column":89}},"148":{"start":{"line":362,"column":95},"end":{"line":362,"column":null}},"149":{"start":{"line":377,"column":39},"end":{"line":377,"column":73}},"150":{"start":{"line":386,"column":39},"end":{"line":386,"column":68}},"151":{"start":{"line":407,"column":38},"end":{"line":407,"column":103}},"152":{"start":{"line":409,"column":24},"end":{"line":409,"column":39}}},"fnMap":{"0":{"name":"Dashboard","decl":{"start":{"line":20,"column":24},"end":{"line":20,"column":33}},"loc":{"start":{"line":20,"column":33},"end":{"line":430,"column":1}}},"1":{"name":"fetchItems","decl":{"start":{"line":43,"column":17},"end":{"line":43,"column":27}},"loc":{"start":{"line":43,"column":27},"end":{"line":60,"column":3}}},"2":{"name":"(anonymous_3)","decl":{"start":{"line":62,"column":12},"end":{"line":62,"column":15}},"loc":{"start":{"line":62,"column":17},"end":{"line":64,"column":3}}},"3":{"name":"(anonymous_4)","decl":{"start":{"line":67,"column":30},"end":{"line":67,"column":33}},"loc":{"start":{"line":67,"column":35},"end":{"line":87,"column":3}}},"4":{"name":"(anonymous_5)","decl":{"start":{"line":75,"column":53},"end":{"line":75,"column":54}},"loc":{"start":{"line":75,"column":61},"end":{"line":79,"column":6}}},"5":{"name":"probe","decl":{"start":{"line":89,"column":17},"end":{"line":89,"column":22}},"loc":{"start":{"line":89,"column":47},"end":{"line":143,"column":3}}},"6":{"name":"(anonymous_7)","decl":{"start":{"line":146,"column":28},"end":{"line":146,"column":31}},"loc":{"start":{"line":146,"column":33},"end":{"line":170,"column":3}}},"7":{"name":"(anonymous_8)","decl":{"start":{"line":156,"column":48},"end":{"line":156,"column":49}},"loc":{"start":{"line":156,"column":56},"end":{"line":169,"column":6}}},"8":{"name":"(anonymous_9)","decl":{"start":{"line":173,"column":32},"end":{"line":173,"column":35}},"loc":{"start":{"line":173,"column":37},"end":{"line":186,"column":3}}},"9":{"name":"(anonymous_10)","decl":{"start":{"line":179,"column":24},"end":{"line":179,"column":25}},"loc":{"start":{"line":179,"column":30},"end":{"line":185,"column":5}}},"10":{"name":"(anonymous_11)","decl":{"start":{"line":213,"column":26},"end":{"line":213,"column":27}},"loc":{"start":{"line":213,"column":32},"end":{"line":219,"column":17}}},"11":{"name":"(anonymous_12)","decl":{"start":{"line":216,"column":49},"end":{"line":216,"column":50}},"loc":{"start":{"line":216,"column":54},"end":{"line":216,"column":65}}},"12":{"name":"(anonymous_13)","decl":{"start":{"line":222,"column":33},"end":{"line":222,"column":34}},"loc":{"start":{"line":223,"column":18},"end":{"line":223,"column":37}}},"13":{"name":"(anonymous_14)","decl":{"start":{"line":231,"column":26},"end":{"line":231,"column":27}},"loc":{"start":{"line":231,"column":33},"end":{"line":231,"column":63}}},"14":{"name":"(anonymous_15)","decl":{"start":{"line":240,"column":26},"end":{"line":240,"column":27}},"loc":{"start":{"line":240,"column":33},"end":{"line":240,"column":62}}},"15":{"name":"(anonymous_16)","decl":{"start":{"line":247,"column":25},"end":{"line":247,"column":28}},"loc":{"start":{"line":247,"column":31},"end":{"line":247,"column":44}}},"16":{"name":"(anonymous_17)","decl":{"start":{"line":254,"column":25},"end":{"line":254,"column":28}},"loc":{"start":{"line":254,"column":31},"end":{"line":254,"column":43}}},"17":{"name":"(anonymous_18)","decl":{"start":{"line":311,"column":27},"end":{"line":311,"column":30}},"loc":{"start":{"line":311,"column":33},"end":{"line":311,"column":56}}},"18":{"name":"(anonymous_19)","decl":{"start":{"line":311,"column":48},"end":{"line":311,"column":49}},"loc":{"start":{"line":311,"column":53},"end":{"line":311,"column":55}}},"19":{"name":"(anonymous_20)","decl":{"start":{"line":326,"column":34},"end":{"line":326,"column":35}},"loc":{"start":{"line":326,"column":41},"end":{"line":326,"column":74}}},"20":{"name":"(anonymous_21)","decl":{"start":{"line":331,"column":33},"end":{"line":331,"column":36}},"loc":{"start":{"line":331,"column":38},"end":{"line":336,"column":25}}},"21":{"name":"(anonymous_22)","decl":{"start":{"line":353,"column":34},"end":{"line":353,"column":35}},"loc":{"start":{"line":353,"column":41},"end":{"line":353,"column":72}}},"22":{"name":"(anonymous_23)","decl":{"start":{"line":358,"column":33},"end":{"line":358,"column":36}},"loc":{"start":{"line":358,"column":38},"end":{"line":363,"column":25}}},"23":{"name":"(anonymous_24)","decl":{"start":{"line":377,"column":32},"end":{"line":377,"column":33}},"loc":{"start":{"line":377,"column":39},"end":{"line":377,"column":73}}},"24":{"name":"(anonymous_25)","decl":{"start":{"line":386,"column":32},"end":{"line":386,"column":33}},"loc":{"start":{"line":386,"column":39},"end":{"line":386,"column":68}}},"25":{"name":"(anonymous_26)","decl":{"start":{"line":407,"column":28},"end":{"line":407,"column":29}},"loc":{"start":{"line":407,"column":38},"end":{"line":407,"column":103}}},"26":{"name":"(anonymous_27)","decl":{"start":{"line":408,"column":27},"end":{"line":408,"column":28}},"loc":{"start":{"line":409,"column":24},"end":{"line":409,"column":39}}}},"branchMap":{"0":{"loc":{"start":{"line":51,"column":6},"end":{"line":51,"column":null}},"type":"if","locations":[{"start":{"line":51,"column":6},"end":{"line":51,"column":null}},{"start":{},"end":{}}]},"1":{"loc":{"start":{"line":52,"column":15},"end":{"line":52,"column":25}},"type":"binary-expr","locations":[{"start":{"line":52,"column":15},"end":{"line":52,"column":19}},{"start":{"line":52,"column":23},"end":{"line":52,"column":25}}]},"2":{"loc":{"start":{"line":56,"column":15},"end":{"line":56,"column":57}},"type":"cond-expr","locations":[{"start":{"line":56,"column":36},"end":{"line":56,"column":45}},{"start":{"line":56,"column":48},"end":{"line":56,"column":57}}]},"3":{"loc":{"start":{"line":71,"column":6},"end":{"line":73,"column":7}},"type":"if","locations":[{"start":{"line":71,"column":6},"end":{"line":73,"column":7}},{"start":{},"end":{}}]},"4":{"loc":{"start":{"line":71,"column":10},"end":{"line":71,"column":67}},"type":"binary-expr","locations":[{"start":{"line":71,"column":10},"end":{"line":71,"column":15}},{"start":{"line":71,"column":19},"end":{"line":71,"column":67}}]},"5":{"loc":{"start":{"line":77,"column":10},"end":{"line":77,"column":28}},"type":"binary-expr","locations":[{"start":{"line":77,"column":10},"end":{"line":77,"column":22}},{"start":{"line":77,"column":26},"end":{"line":77,"column":28}}]},"6":{"loc":{"start":{"line":78,"column":12},"end":{"line":78,"column":31}},"type":"binary-expr","locations":[{"start":{"line":78,"column":12},"end":{"line":78,"column":25}},{"start":{"line":78,"column":29},"end":{"line":78,"column":31}}]},"7":{"loc":{"start":{"line":81,"column":4},"end":{"line":85,"column":5}},"type":"if","locations":[{"start":{"line":81,"column":4},"end":{"line":85,"column":5}},{"start":{},"end":{}}]},"8":{"loc":{"start":{"line":81,"column":8},"end":{"line":81,"column":44}},"type":"binary-expr","locations":[{"start":{"line":81,"column":8},"end":{"line":81,"column":26}},{"start":{"line":81,"column":30},"end":{"line":81,"column":44}}]},"9":{"loc":{"start":{"line":84,"column":21},"end":{"line":84,"column":37}},"type":"binary-expr","locations":[{"start":{"line":84,"column":21},"end":{"line":84,"column":31}},{"start":{"line":84,"column":35},"end":{"line":84,"column":37}}]},"10":{"loc":{"start":{"line":93,"column":6},"end":{"line":93,"column":null}},"type":"if","locations":[{"start":{"line":93,"column":6},"end":{"line":93,"column":null}},{"start":{},"end":{}}]},"11":{"loc":{"start":{"line":94,"column":6},"end":{"line":94,"column":null}},"type":"if","locations":[{"start":{"line":94,"column":6},"end":{"line":94,"column":null}},{"start":{},"end":{}}]},"12":{"loc":{"start":{"line":95,"column":19},"end":{"line":95,"column":96}},"type":"binary-expr","locations":[{"start":{"line":95,"column":19},"end":{"line":95,"column":45}},{"start":{"line":95,"column":50},"end":{"line":95,"column":95}}]},"13":{"loc":{"start":{"line":95,"column":20},"end":{"line":95,"column":37}},"type":"binary-expr","locations":[{"start":{"line":95,"column":20},"end":{"line":95,"column":31}},{"start":{"line":95,"column":35},"end":{"line":95,"column":37}}]},"14":{"loc":{"start":{"line":95,"column":50},"end":{"line":95,"column":95}},"type":"cond-expr","locations":[{"start":{"line":95,"column":63},"end":{"line":95,"column":90}},{"start":{"line":95,"column":93},"end":{"line":95,"column":95}}]},"15":{"loc":{"start":{"line":96,"column":6},"end":{"line":96,"column":null}},"type":"if","locations":[{"start":{"line":96,"column":6},"end":{"line":96,"column":null}},{"start":{},"end":{}}]},"16":{"loc":{"start":{"line":97,"column":21},"end":{"line":97,"column":59}},"type":"cond-expr","locations":[{"start":{"line":97,"column":42},"end":{"line":97,"column":48}},{"start":{"line":97,"column":51},"end":{"line":97,"column":59}}]},"17":{"loc":{"start":{"line":100,"column":17},"end":{"line":100,"column":54}},"type":"binary-expr","locations":[{"start":{"line":100,"column":17},"end":{"line":100,"column":48}},{"start":{"line":100,"column":52},"end":{"line":100,"column":54}}]},"18":{"loc":{"start":{"line":101,"column":6},"end":{"line":137,"column":7}},"type":"if","locations":[{"start":{"line":101,"column":6},"end":{"line":137,"column":7}},{"start":{"line":113,"column":13},"end":{"line":137,"column":7}}]},"19":{"loc":{"start":{"line":104,"column":10},"end":{"line":110,"column":11}},"type":"if","locations":[{"start":{"line":104,"column":10},"end":{"line":110,"column":11}},{"start":{"line":107,"column":17},"end":{"line":110,"column":11}}]},"20":{"loc":{"start":{"line":106,"column":12},"end":{"line":106,"column":null}},"type":"if","locations":[{"start":{"line":106,"column":12},"end":{"line":106,"column":null}},{"start":{},"end":{}}]},"21":{"loc":{"start":{"line":109,"column":12},"end":{"line":109,"column":null}},"type":"if","locations":[{"start":{"line":109,"column":12},"end":{"line":109,"column":null}},{"start":{},"end":{}}]},"22":{"loc":{"start":{"line":109,"column":16},"end":{"line":109,"column":55}},"type":"binary-expr","locations":[{"start":{"line":109,"column":16},"end":{"line":109,"column":32}},{"start":{"line":109,"column":36},"end":{"line":109,"column":55}}]},"23":{"loc":{"start":{"line":117,"column":10},"end":{"line":130,"column":11}},"type":"if","locations":[{"start":{"line":117,"column":10},"end":{"line":130,"column":11}},{"start":{"line":126,"column":17},"end":{"line":130,"column":11}}]},"24":{"loc":{"start":{"line":119,"column":12},"end":{"line":125,"column":13}},"type":"if","locations":[{"start":{"line":119,"column":12},"end":{"line":125,"column":13}},{"start":{"line":122,"column":19},"end":{"line":125,"column":13}}]},"25":{"loc":{"start":{"line":121,"column":14},"end":{"line":121,"column":71}},"type":"if","locations":[{"start":{"line":121,"column":14},"end":{"line":121,"column":71}},{"start":{},"end":{}}]},"26":{"loc":{"start":{"line":123,"column":31},"end":{"line":123,"column":50}},"type":"binary-expr","locations":[{"start":{"line":123,"column":31},"end":{"line":123,"column":36}},{"start":{"line":123,"column":40},"end":{"line":123,"column":50}}]},"27":{"loc":{"start":{"line":124,"column":31},"end":{"line":124,"column":60}},"type":"binary-expr","locations":[{"start":{"line":124,"column":31},"end":{"line":124,"column":36}},{"start":{"line":124,"column":40},"end":{"line":124,"column":45}},{"start":{"line":124,"column":49},"end":{"line":124,"column":60}}]},"28":{"loc":{"start":{"line":129,"column":12},"end":{"line":129,"column":69}},"type":"if","locations":[{"start":{"line":129,"column":12},"end":{"line":129,"column":69}},{"start":{},"end":{}}]},"29":{"loc":{"start":{"line":132,"column":8},"end":{"line":136,"column":9}},"type":"if","locations":[{"start":{"line":132,"column":8},"end":{"line":136,"column":9}},{"start":{"line":134,"column":15},"end":{"line":136,"column":9}}]},"30":{"loc":{"start":{"line":132,"column":12},"end":{"line":132,"column":62}},"type":"binary-expr","locations":[{"start":{"line":132,"column":12},"end":{"line":132,"column":35}},{"start":{"line":132,"column":39},"end":{"line":132,"column":62}}]},"31":{"loc":{"start":{"line":139,"column":20},"end":{"line":139,"column":62}},"type":"cond-expr","locations":[{"start":{"line":139,"column":41},"end":{"line":139,"column":50}},{"start":{"line":139,"column":53},"end":{"line":139,"column":62}}]},"32":{"loc":{"start":{"line":149,"column":6},"end":{"line":149,"column":61}},"type":"if","locations":[{"start":{"line":149,"column":6},"end":{"line":149,"column":61}},{"start":{},"end":{}}]},"33":{"loc":{"start":{"line":149,"column":10},"end":{"line":149,"column":51}},"type":"binary-expr","locations":[{"start":{"line":149,"column":10},"end":{"line":149,"column":28}},{"start":{"line":149,"column":32},"end":{"line":149,"column":51}}]},"34":{"loc":{"start":{"line":151,"column":6},"end":{"line":153,"column":7}},"type":"if","locations":[{"start":{"line":151,"column":6},"end":{"line":153,"column":7}},{"start":{},"end":{}}]},"35":{"loc":{"start":{"line":151,"column":10},"end":{"line":151,"column":67}},"type":"binary-expr","locations":[{"start":{"line":151,"column":10},"end":{"line":151,"column":15}},{"start":{"line":151,"column":19},"end":{"line":151,"column":67}}]},"36":{"loc":{"start":{"line":160,"column":16},"end":{"line":160,"column":34}},"type":"binary-expr","locations":[{"start":{"line":160,"column":16},"end":{"line":160,"column":26}},{"start":{"line":160,"column":30},"end":{"line":160,"column":34}}]},"37":{"loc":{"start":{"line":161,"column":20},"end":{"line":161,"column":42}},"type":"binary-expr","locations":[{"start":{"line":161,"column":20},"end":{"line":161,"column":34}},{"start":{"line":161,"column":38},"end":{"line":161,"column":42}}]},"38":{"loc":{"start":{"line":174,"column":19},"end":{"line":174,"column":96}},"type":"cond-expr","locations":[{"start":{"line":174,"column":36},"end":{"line":174,"column":84}},{"start":{"line":174,"column":87},"end":{"line":174,"column":96}}]},"39":{"loc":{"start":{"line":175,"column":17},"end":{"line":175,"column":89}},"type":"cond-expr","locations":[{"start":{"line":175,"column":32},"end":{"line":175,"column":78}},{"start":{"line":175,"column":81},"end":{"line":175,"column":89}}]},"40":{"loc":{"start":{"line":181,"column":6},"end":{"line":181,"column":null}},"type":"if","locations":[{"start":{"line":181,"column":6},"end":{"line":181,"column":null}},{"start":{},"end":{}}]},"41":{"loc":{"start":{"line":181,"column":10},"end":{"line":181,"column":34}},"type":"binary-expr","locations":[{"start":{"line":181,"column":10},"end":{"line":181,"column":21}},{"start":{"line":181,"column":25},"end":{"line":181,"column":34}}]},"42":{"loc":{"start":{"line":182,"column":6},"end":{"line":182,"column":null}},"type":"if","locations":[{"start":{"line":182,"column":6},"end":{"line":182,"column":null}},{"start":{},"end":{}}]},"43":{"loc":{"start":{"line":182,"column":10},"end":{"line":182,"column":68}},"type":"binary-expr","locations":[{"start":{"line":182,"column":10},"end":{"line":182,"column":13}},{"start":{"line":182,"column":17},"end":{"line":182,"column":68}}]},"44":{"loc":{"start":{"line":183,"column":6},"end":{"line":183,"column":null}},"type":"if","locations":[{"start":{"line":183,"column":6},"end":{"line":183,"column":null}},{"start":{},"end":{}}]},"45":{"loc":{"start":{"line":183,"column":10},"end":{"line":183,"column":83}},"type":"binary-expr","locations":[{"start":{"line":183,"column":10},"end":{"line":183,"column":14}},{"start":{"line":183,"column":18},"end":{"line":183,"column":83}}]},"46":{"loc":{"start":{"line":183,"column":33},"end":{"line":183,"column":51}},"type":"binary-expr","locations":[{"start":{"line":183,"column":33},"end":{"line":183,"column":45}},{"start":{"line":183,"column":49},"end":{"line":183,"column":51}}]},"47":{"loc":{"start":{"line":195,"column":13},"end":{"line":195,"column":80}},"type":"binary-expr","locations":[{"start":{"line":195,"column":13},"end":{"line":195,"column":24}},{"start":{"line":195,"column":28},"end":{"line":195,"column":80}}]},"48":{"loc":{"start":{"line":199,"column":69},"end":{"line":199,"column":132}},"type":"cond-expr","locations":[{"start":{"line":199,"column":79},"end":{"line":199,"column":110}},{"start":{"line":199,"column":113},"end":{"line":199,"column":132}}]},"49":{"loc":{"start":{"line":201,"column":15},"end":{"line":201,"column":53}},"type":"cond-expr","locations":[{"start":{"line":201,"column":25},"end":{"line":201,"column":38}},{"start":{"line":201,"column":41},"end":{"line":201,"column":53}}]},"50":{"loc":{"start":{"line":217,"column":32},"end":{"line":217,"column":47}},"type":"binary-expr","locations":[{"start":{"line":217,"column":32},"end":{"line":217,"column":41}},{"start":{"line":217,"column":45},"end":{"line":217,"column":47}}]},"51":{"loc":{"start":{"line":218,"column":33},"end":{"line":218,"column":49}},"type":"binary-expr","locations":[{"start":{"line":218,"column":33},"end":{"line":218,"column":43}},{"start":{"line":218,"column":47},"end":{"line":218,"column":49}}]},"52":{"loc":{"start":{"line":248,"column":26},"end":{"line":248,"column":53}},"type":"binary-expr","locations":[{"start":{"line":248,"column":26},"end":{"line":248,"column":38}},{"start":{"line":248,"column":42},"end":{"line":248,"column":53}}]},"53":{"loc":{"start":{"line":249,"column":79},"end":{"line":249,"column":147}},"type":"cond-expr","locations":[{"start":{"line":249,"column":94},"end":{"line":249,"column":125}},{"start":{"line":249,"column":128},"end":{"line":249,"column":147}}]},"54":{"loc":{"start":{"line":256,"column":79},"end":{"line":256,"column":147}},"type":"cond-expr","locations":[{"start":{"line":256,"column":94},"end":{"line":256,"column":125}},{"start":{"line":256,"column":128},"end":{"line":256,"column":147}}]},"55":{"loc":{"start":{"line":266,"column":15},"end":{"line":276,"column":null}},"type":"cond-expr","locations":[{"start":{"line":267,"column":16},"end":{"line":267,"column":56}},{"start":{"line":269,"column":16},"end":{"line":275,"column":null}}]},"56":{"loc":{"start":{"line":271,"column":72},"end":{"line":271,"column":114}},"type":"cond-expr","locations":[{"start":{"line":271,"column":85},"end":{"line":271,"column":99}},{"start":{"line":271,"column":102},"end":{"line":271,"column":114}}]},"57":{"loc":{"start":{"line":273,"column":35},"end":{"line":273,"column":81}},"type":"cond-expr","locations":[{"start":{"line":273,"column":48},"end":{"line":273,"column":64}},{"start":{"line":273,"column":67},"end":{"line":273,"column":81}}]},"58":{"loc":{"start":{"line":274,"column":21},"end":{"line":274,"column":59}},"type":"cond-expr","locations":[{"start":{"line":274,"column":34},"end":{"line":274,"column":44}},{"start":{"line":274,"column":47},"end":{"line":274,"column":59}}]},"59":{"loc":{"start":{"line":283,"column":15},"end":{"line":286,"column":null}},"type":"cond-expr","locations":[{"start":{"line":284,"column":16},"end":{"line":284,"column":109}},{"start":{"line":286,"column":16},"end":{"line":286,"column":56}}]},"60":{"loc":{"start":{"line":291,"column":13},"end":{"line":292,"column":null}},"type":"binary-expr","locations":[{"start":{"line":291,"column":13},"end":{"line":291,"column":23}},{"start":{"line":292,"column":14},"end":{"line":292,"column":72}}]},"61":{"loc":{"start":{"line":298,"column":9},"end":{"line":298,"column":76}},"type":"binary-expr","locations":[{"start":{"line":298,"column":9},"end":{"line":298,"column":16}},{"start":{"line":298,"column":20},"end":{"line":298,"column":76}}]},"62":{"loc":{"start":{"line":299,"column":9},"end":{"line":299,"column":77}},"type":"binary-expr","locations":[{"start":{"line":299,"column":9},"end":{"line":299,"column":14}},{"start":{"line":299,"column":18},"end":{"line":299,"column":77}}]},"63":{"loc":{"start":{"line":301,"column":9},"end":{"line":425,"column":null}},"type":"binary-expr","locations":[{"start":{"line":301,"column":9},"end":{"line":301,"column":17}},{"start":{"line":301,"column":21},"end":{"line":301,"column":27}},{"start":{"line":302,"column":10},"end":{"line":424,"column":null}}]},"64":{"loc":{"start":{"line":314,"column":19},"end":{"line":314,"column":66}},"type":"cond-expr","locations":[{"start":{"line":314,"column":33},"end":{"line":314,"column":54}},{"start":{"line":314,"column":57},"end":{"line":314,"column":66}}]},"65":{"loc":{"start":{"line":317,"column":15},"end":{"line":391,"column":null}},"type":"binary-expr","locations":[{"start":{"line":317,"column":15},"end":{"line":317,"column":26}},{"start":{"line":318,"column":16},"end":{"line":390,"column":null}}]},"66":{"loc":{"start":{"line":333,"column":26},"end":{"line":333,"column":41}},"type":"if","locations":[{"start":{"line":333,"column":26},"end":{"line":333,"column":41}},{"start":{},"end":{}}]},"67":{"loc":{"start":{"line":335,"column":26},"end":{"line":335,"column":null}},"type":"if","locations":[{"start":{"line":335,"column":26},"end":{"line":335,"column":null}},{"start":{"line":335,"column":95},"end":{"line":335,"column":null}}]},"68":{"loc":{"start":{"line":360,"column":26},"end":{"line":360,"column":41}},"type":"if","locations":[{"start":{"line":360,"column":26},"end":{"line":360,"column":41}},{"start":{},"end":{}}]},"69":{"loc":{"start":{"line":362,"column":26},"end":{"line":362,"column":null}},"type":"if","locations":[{"start":{"line":362,"column":26},"end":{"line":362,"column":null}},{"start":{"line":362,"column":95},"end":{"line":362,"column":null}}]},"70":{"loc":{"start":{"line":414,"column":29},"end":{"line":416,"column":35}},"type":"cond-expr","locations":[{"start":{"line":415,"column":32},"end":{"line":415,"column":85}},{"start":{"line":416,"column":32},"end":{"line":416,"column":35}}]},"71":{"loc":{"start":{"line":414,"column":29},"end":{"line":414,"column":70}},"type":"binary-expr","locations":[{"start":{"line":414,"column":29},"end":{"line":414,"column":47}},{"start":{"line":414,"column":51},"end":{"line":414,"column":70}}]},"72":{"loc":{"start":{"line":418,"column":80},"end":{"line":418,"column":119}},"type":"cond-expr","locations":[{"start":{"line":418,"column":95},"end":{"line":418,"column":114}},{"start":{"line":418,"column":117},"end":{"line":418,"column":119}}]}},"s":{"0":2,"1":2,"2":2,"3":2,"4":31,"5":31,"6":31,"7":31,"8":31,"9":31,"10":31,"11":31,"12":31,"13":31,"14":31,"15":31,"16":31,"17":31,"18":31,"19":31,"20":31,"21":31,"22":8,"23":8,"24":8,"25":8,"26":1,"27":7,"28":7,"29":7,"30":1,"31":8,"32":31,"33":7,"34":31,"35":20,"36":20,"37":39,"38":39,"39":39,"40":20,"41":26,"42":20,"43":6,"44":6,"45":6,"46":20,"47":2,"48":2,"49":2,"50":2,"51":1,"52":2,"53":1,"54":2,"55":2,"56":0,"57":2,"58":2,"59":2,"60":2,"61":2,"62":1,"63":1,"64":1,"65":0,"66":0,"67":0,"68":1,"69":1,"70":1,"71":1,"72":1,"73":1,"74":1,"75":1,"76":0,"77":0,"78":0,"79":0,"80":0,"81":0,"82":0,"83":0,"84":1,"85":1,"86":1,"87":1,"88":1,"89":1,"90":1,"91":0,"92":0,"93":2,"94":31,"95":13,"96":13,"97":18,"98":6,"99":12,"100":12,"101":12,"102":13,"103":13,"104":6,"105":31,"106":16,"107":16,"108":16,"109":16,"110":16,"111":27,"112":27,"113":0,"114":27,"115":3,"116":24,"117":1,"118":23,"119":31,"120":1,"121":1,"122":1,"123":2,"124":1,"125":1,"126":46,"127":0,"128":0,"129":1,"130":1,"131":1,"132":1,"133":0,"134":0,"135":0,"136":0,"137":0,"138":0,"139":0,"140":0,"141":0,"142":0,"143":0,"144":0,"145":0,"146":0,"147":0,"148":0,"149":2,"150":1,"151":81,"152":62},"f":{"0":31,"1":8,"2":7,"3":20,"4":26,"5":2,"6":13,"7":6,"8":16,"9":27,"10":1,"11":2,"12":46,"13":0,"14":0,"15":1,"16":1,"17":1,"18":1,"19":0,"20":0,"21":0,"22":0,"23":2,"24":1,"25":81,"26":62},"b":{"0":[1,7],"1":[7,0],"2":[1,0],"3":[39,0],"4":[39,13],"5":[26,0],"6":[26,13],"7":[6,14],"8":[20,13],"9":[6,6],"10":[1,1],"11":[1,1],"12":[2,2],"13":[2,2],"14":[2,0],"15":[0,2],"16":[1,1],"17":[2,0],"18":[1,1],"19":[0,1],"20":[0,0],"21":[1,0],"22":[1,1],"23":[0,1],"24":[0,0],"25":[0,0],"26":[0,0],"27":[0,0,0],"28":[1,0],"29":[1,0],"30":[1,1],"31":[0,0],"32":[6,12],"33":[18,12],"34":[12,0],"35":[12,6],"36":[6,6],"37":[6,6],"38":[0,16],"39":[0,16],"40":[0,27],"41":[27,27],"42":[3,24],"43":[27,3],"44":[1,23],"45":[24,3],"46":[3,0],"47":[31,23],"48":[8,23],"49":[8,23],"50":[1,0],"51":[1,0],"52":[31,29],"53":[2,29],"54":[2,29],"55":[28,3],"56":[3,0],"57":[3,0],"58":[3,0],"59":[1,30],"60":[31,0],"61":[31,8],"62":[31,1],"63":[31,23,22],"64":[4,18],"65":[22,4],"66":[0,0],"67":[0,0],"68":[0,0],"69":[0,0],"70":[42,20],"71":[62,42],"72":[62,0]}}
,"/Users/maelbourdin/Documents/Epsi/Cours/2025-2026/Workshop/Application/Jamesbond/007/src/app/components/button.tsx": {"path":"/Users/maelbourdin/Documents/Epsi/Cours/2025-2026/Workshop/Application/Jamesbond/007/src/app/components/button.tsx","statementMap":{"0":{"start":{"line":60,"column":0},"end":{"line":60,"column":24}},"1":{"start":{"line":15,"column":54},"end":{"line":26,"column":2}},"2":{"start":{"line":28,"column":48},"end":{"line":32,"column":2}},"3":{"start":{"line":35,"column":2},"end":{"line":57,"column":4}},"4":{"start":{"line":72,"column":21},"end":{"line":72,"column":42}},"5":{"start":{"line":74,"column":22},"end":{"line":81,"column":13}},"6":{"start":{"line":83,"column":19},"end":{"line":91,"column":14}},"7":{"start":{"line":93,"column":2},"end":{"line":105,"column":4}}},"fnMap":{"0":{"name":"Spinner","decl":{"start":{"line":34,"column":9},"end":{"line":34,"column":16}},"loc":{"start":{"line":34,"column":16},"end":{"line":58,"column":1}}},"1":{"name":"Button","decl":{"start":{"line":60,"column":24},"end":{"line":60,"column":30}},"loc":{"start":{"line":71,"column":14},"end":{"line":106,"column":1}}}},"branchMap":{"0":{"loc":{"start":{"line":61,"column":2},"end":{"line":61,"column":16}},"type":"default-arg","locations":[{"start":{"line":61,"column":14},"end":{"line":61,"column":16}}]},"1":{"loc":{"start":{"line":62,"column":2},"end":{"line":62,"column":21}},"type":"default-arg","locations":[{"start":{"line":62,"column":12},"end":{"line":62,"column":21}}]},"2":{"loc":{"start":{"line":63,"column":2},"end":{"line":63,"column":13}},"type":"default-arg","locations":[{"start":{"line":63,"column":9},"end":{"line":63,"column":13}}]},"3":{"loc":{"start":{"line":64,"column":2},"end":{"line":64,"column":19}},"type":"default-arg","locations":[{"start":{"line":64,"column":14},"end":{"line":64,"column":19}}]},"4":{"loc":{"start":{"line":65,"column":2},"end":{"line":65,"column":19}},"type":"default-arg","locations":[{"start":{"line":65,"column":14},"end":{"line":65,"column":19}}]},"5":{"loc":{"start":{"line":72,"column":21},"end":{"line":72,"column":42}},"type":"binary-expr","locations":[{"start":{"line":72,"column":21},"end":{"line":72,"column":29}},{"start":{"line":72,"column":33},"end":{"line":72,"column":42}}]},"6":{"loc":{"start":{"line":87,"column":4},"end":{"line":87,"column":29}},"type":"cond-expr","locations":[{"start":{"line":87,"column":16},"end":{"line":87,"column":24}},{"start":{"line":87,"column":27},"end":{"line":87,"column":29}}]},"7":{"loc":{"start":{"line":95,"column":7},"end":{"line":102,"column":null}},"type":"cond-expr","locations":[{"start":{"line":96,"column":8},"end":{"line":96,"column":19}},{"start":{"line":98,"column":8},"end":{"line":101,"column":null}}]},"8":{"loc":{"start":{"line":99,"column":11},"end":{"line":99,"column":84}},"type":"cond-expr","locations":[{"start":{"line":99,"column":22},"end":{"line":99,"column":77}},{"start":{"line":99,"column":80},"end":{"line":99,"column":84}}]},"9":{"loc":{"start":{"line":101,"column":11},"end":{"line":101,"column":86}},"type":"cond-expr","locations":[{"start":{"line":101,"column":23},"end":{"line":101,"column":79}},{"start":{"line":101,"column":82},"end":{"line":101,"column":86}}]}},"s":{"0":6,"1":6,"2":6,"3":2,"4":15,"5":15,"6":15,"7":15},"f":{"0":2,"1":15},"b":{"0":[15],"1":[10],"2":[7],"3":[15],"4":[13],"5":[15,15],"6":[0,15],"7":[2,13],"8":[1,12],"9":[1,12]}}
,"/Users/maelbourdin/Documents/Epsi/Cours/2025-2026/Workshop/Application/Jamesbond/007/src/app/components/draggableBottle.tsx": {"path":"/Users/maelbourdin/Documents/Epsi/Cours/2025-2026/Workshop/Application/Jamesbond/007/src/app/components/draggableBottle.tsx","statementMap":{"0":{"start":{"line":6,"column":0},"end":{"line":6,"column":24}},"1":{"start":{"line":1,"column":0},"end":{"line":1,"column":43}},"2":{"start":{"line":2,"column":0},"end":{"line":2,"column":55}},"3":{"start":{"line":7,"column":32},"end":{"line":9,"column":4}},"4":{"start":{"line":8,"column":4},"end":{"line":8,"column":92}},"5":{"start":{"line":8,"column":10},"end":{"line":8,"column":68}},"6":{"start":{"line":8,"column":78},"end":{"line":8,"column":91}},"7":{"start":{"line":10,"column":24},"end":{"line":16,"column":4}},"8":{"start":{"line":11,"column":4},"end":{"line":14,"column":14}},"9":{"start":{"line":12,"column":18},"end":{"line":12,"column":52}},"10":{"start":{"line":13,"column":6},"end":{"line":13,"column":null}},"11":{"start":{"line":13,"column":15},"end":{"line":13,"column":null}},"12":{"start":{"line":15,"column":4},"end":{"line":15,"column":null}},"13":{"start":{"line":17,"column":34},"end":{"line":17,"column":58}},"14":{"start":{"line":18,"column":30},"end":{"line":20,"column":4}},"15":{"start":{"line":19,"column":4},"end":{"line":19,"column":89}},"16":{"start":{"line":19,"column":10},"end":{"line":19,"column":65}},"17":{"start":{"line":19,"column":75},"end":{"line":19,"column":88}},"18":{"start":{"line":21,"column":30},"end":{"line":21,"column":61}},"19":{"start":{"line":23,"column":2},"end":{"line":36,"column":null}},"20":{"start":{"line":24,"column":22},"end":{"line":28,"column":5}},"21":{"start":{"line":25,"column":6},"end":{"line":27,"column":7}},"22":{"start":{"line":26,"column":8},"end":{"line":26,"column":null}},"23":{"start":{"line":29,"column":21},"end":{"line":29,"column":43}},"24":{"start":{"line":29,"column":27},"end":{"line":29,"column":43}},"25":{"start":{"line":30,"column":4},"end":{"line":30,"column":null}},"26":{"start":{"line":31,"column":4},"end":{"line":31,"column":null}},"27":{"start":{"line":32,"column":4},"end":{"line":35,"column":null}},"28":{"start":{"line":33,"column":6},"end":{"line":33,"column":null}},"29":{"start":{"line":34,"column":6},"end":{"line":34,"column":null}},"30":{"start":{"line":38,"column":2},"end":{"line":42,"column":null}},"31":{"start":{"line":39,"column":4},"end":{"line":39,"column":76}},"32":{"start":{"line":39,"column":10},"end":{"line":39,"column":66}},"33":{"start":{"line":40,"column":19},"end":{"line":40,"column":65}},"34":{"start":{"line":41,"column":4},"end":{"line":41,"column":null}},"35":{"start":{"line":44,"column":2},"end":{"line":64,"column":null}},"36":{"start":{"line":45,"column":19},"end":{"line":50,"column":5}},"37":{"start":{"line":46,"column":6},"end":{"line":46,"column":27}},"38":{"start":{"line":46,"column":21},"end":{"line":46,"column":27}},"39":{"start":{"line":47,"column":16},"end":{"line":47,"column":66}},"40":{"start":{"line":48,"column":16},"end":{"line":48,"column":66}},"41":{"start":{"line":49,"column":6},"end":{"line":49,"column":null}},"42":{"start":{"line":51,"column":17},"end":{"line":51,"column":41}},"43":{"start":{"line":51,"column":23},"end":{"line":51,"column":41}},"44":{"start":{"line":52,"column":4},"end":{"line":52,"column":null}},"45":{"start":{"line":53,"column":4},"end":{"line":53,"column":null}},"46":{"start":{"line":54,"column":21},"end":{"line":54,"column":42}},"47":{"start":{"line":54,"column":27},"end":{"line":54,"column":42}},"48":{"start":{"line":55,"column":22},"end":{"line":55,"column":44}},"49":{"start":{"line":55,"column":28},"end":{"line":55,"column":44}},"50":{"start":{"line":56,"column":4},"end":{"line":56,"column":null}},"51":{"start":{"line":57,"column":4},"end":{"line":57,"column":null}},"52":{"start":{"line":58,"column":4},"end":{"line":63,"column":null}},"53":{"start":{"line":59,"column":6},"end":{"line":59,"column":null}},"54":{"start":{"line":60,"column":6},"end":{"line":60,"column":null}},"55":{"start":{"line":61,"column":6},"end":{"line":61,"column":null}},"56":{"start":{"line":62,"column":6},"end":{"line":62,"column":null}},"57":{"start":{"line":66,"column":2},"end":{"line":66,"column":null}},"58":{"start":{"line":66,"column":26},"end":{"line":66,"column":null}},"59":{"start":{"line":68,"column":2},"end":{"line":87,"column":null}},"60":{"start":{"line":74,"column":23},"end":{"line":74,"column":56}},"61":{"start":{"line":75,"column":21},"end":{"line":75,"column":51}},"62":{"start":{"line":76,"column":8},"end":{"line":76,"column":null}},"63":{"start":{"line":77,"column":28},"end":{"line":77,"column":48}},"64":{"start":{"line":78,"column":19},"end":{"line":78,"column":95}},"65":{"start":{"line":79,"column":19},"end":{"line":79,"column":94}},"66":{"start":{"line":80,"column":8},"end":{"line":80,"column":null}}},"fnMap":{"0":{"name":"DraggableBottle","decl":{"start":{"line":6,"column":24},"end":{"line":6,"column":39}},"loc":{"start":{"line":6,"column":39},"end":{"line":88,"column":1}}},"1":{"name":"(anonymous_2)","decl":{"start":{"line":7,"column":50},"end":{"line":7,"column":53}},"loc":{"start":{"line":7,"column":55},"end":{"line":9,"column":3}}},"2":{"name":"(anonymous_3)","decl":{"start":{"line":10,"column":40},"end":{"line":10,"column":43}},"loc":{"start":{"line":10,"column":45},"end":{"line":16,"column":3}}},"3":{"name":"(anonymous_4)","decl":{"start":{"line":18,"column":48},"end":{"line":18,"column":51}},"loc":{"start":{"line":18,"column":53},"end":{"line":20,"column":3}}},"4":{"name":"(anonymous_5)","decl":{"start":{"line":23,"column":12},"end":{"line":23,"column":15}},"loc":{"start":{"line":23,"column":17},"end":{"line":36,"column":3}}},"5":{"name":"(anonymous_6)","decl":{"start":{"line":24,"column":22},"end":{"line":24,"column":23}},"loc":{"start":{"line":24,"column":42},"end":{"line":28,"column":5}}},"6":{"name":"(anonymous_7)","decl":{"start":{"line":29,"column":21},"end":{"line":29,"column":24}},"loc":{"start":{"line":29,"column":27},"end":{"line":29,"column":43}}},"7":{"name":"(anonymous_8)","decl":{"start":{"line":32,"column":11},"end":{"line":32,"column":14}},"loc":{"start":{"line":32,"column":16},"end":{"line":35,"column":5}}},"8":{"name":"(anonymous_9)","decl":{"start":{"line":38,"column":12},"end":{"line":38,"column":15}},"loc":{"start":{"line":38,"column":17},"end":{"line":42,"column":3}}},"9":{"name":"(anonymous_10)","decl":{"start":{"line":44,"column":12},"end":{"line":44,"column":15}},"loc":{"start":{"line":44,"column":17},"end":{"line":64,"column":3}}},"10":{"name":"(anonymous_11)","decl":{"start":{"line":45,"column":19},"end":{"line":45,"column":20}},"loc":{"start":{"line":45,"column":39},"end":{"line":50,"column":5}}},"11":{"name":"(anonymous_12)","decl":{"start":{"line":51,"column":17},"end":{"line":51,"column":20}},"loc":{"start":{"line":51,"column":23},"end":{"line":51,"column":41}}},"12":{"name":"(anonymous_13)","decl":{"start":{"line":54,"column":21},"end":{"line":54,"column":24}},"loc":{"start":{"line":54,"column":27},"end":{"line":54,"column":42}}},"13":{"name":"(anonymous_14)","decl":{"start":{"line":55,"column":22},"end":{"line":55,"column":25}},"loc":{"start":{"line":55,"column":28},"end":{"line":55,"column":44}}},"14":{"name":"(anonymous_15)","decl":{"start":{"line":58,"column":11},"end":{"line":58,"column":14}},"loc":{"start":{"line":58,"column":16},"end":{"line":63,"column":5}}},"15":{"name":"(anonymous_16)","decl":{"start":{"line":73,"column":21},"end":{"line":73,"column":22}},"loc":{"start":{"line":73,"column":27},"end":{"line":81,"column":7}}}},"branchMap":{"0":{"loc":{"start":{"line":13,"column":6},"end":{"line":13,"column":null}},"type":"if","locations":[{"start":{"line":13,"column":6},"end":{"line":13,"column":null}},{"start":{},"end":{}}]},"1":{"loc":{"start":{"line":25,"column":6},"end":{"line":27,"column":7}},"type":"if","locations":[{"start":{"line":25,"column":6},"end":{"line":27,"column":7}},{"start":{},"end":{}}]},"2":{"loc":{"start":{"line":46,"column":6},"end":{"line":46,"column":27}},"type":"if","locations":[{"start":{"line":46,"column":6},"end":{"line":46,"column":27}},{"start":{},"end":{}}]},"3":{"loc":{"start":{"line":47,"column":17},"end":{"line":47,"column":54}},"type":"binary-expr","locations":[{"start":{"line":47,"column":17},"end":{"line":47,"column":24}},{"start":{"line":47,"column":28},"end":{"line":47,"column":54}}]},"4":{"loc":{"start":{"line":48,"column":17},"end":{"line":48,"column":54}},"type":"binary-expr","locations":[{"start":{"line":48,"column":17},"end":{"line":48,"column":24}},{"start":{"line":48,"column":28},"end":{"line":48,"column":54}}]},"5":{"loc":{"start":{"line":66,"column":2},"end":{"line":66,"column":null}},"type":"if","locations":[{"start":{"line":66,"column":2},"end":{"line":66,"column":null}},{"start":{},"end":{}}]},"6":{"loc":{"start":{"line":66,"column":6},"end":{"line":66,"column":24}},"type":"binary-expr","locations":[{"start":{"line":66,"column":6},"end":{"line":66,"column":14}},{"start":{"line":66,"column":18},"end":{"line":66,"column":24}}]},"7":{"loc":{"start":{"line":78,"column":19},"end":{"line":78,"column":95}},"type":"cond-expr","locations":[{"start":{"line":78,"column":57},"end":{"line":78,"column":71}},{"start":{"line":78,"column":74},"end":{"line":78,"column":95}}]},"8":{"loc":{"start":{"line":79,"column":19},"end":{"line":79,"column":94}},"type":"cond-expr","locations":[{"start":{"line":79,"column":57},"end":{"line":79,"column":71}},{"start":{"line":79,"column":74},"end":{"line":79,"column":94}}]}},"s":{"0":2,"1":2,"2":2,"3":7,"4":5,"5":5,"6":0,"7":7,"8":5,"9":5,"10":5,"11":0,"12":5,"13":7,"14":7,"15":5,"16":5,"17":0,"18":7,"19":7,"20":5,"21":0,"22":0,"23":5,"24":1,"25":5,"26":5,"27":5,"28":5,"29":5,"30":7,"31":5,"32":5,"33":5,"34":5,"35":7,"36":6,"37":1,"38":1,"39":0,"40":0,"41":0,"42":6,"43":1,"44":6,"45":6,"46":6,"47":0,"48":6,"49":0,"50":6,"51":6,"52":6,"53":6,"54":6,"55":6,"56":6,"57":7,"58":3,"59":4,"60":1,"61":1,"62":1,"63":1,"64":1,"65":1,"66":1},"f":{"0":7,"1":5,"2":5,"3":5,"4":5,"5":0,"6":1,"7":5,"8":5,"9":6,"10":1,"11":1,"12":0,"13":0,"14":6,"15":1},"b":{"0":[0,5],"1":[0,0],"2":[1,0],"3":[0,0],"4":[0,0],"5":[3,4],"6":[7,5],"7":[0,1],"8":[0,1]}}
,"/Users/maelbourdin/Documents/Epsi/Cours/2025-2026/Workshop/Application/Jamesbond/007/src/app/components/draggableOlive.tsx": {"path":"/Users/maelbourdin/Documents/Epsi/Cours/2025-2026/Workshop/Application/Jamesbond/007/src/app/components/draggableOlive.tsx","statementMap":{"0":{"start":{"line":6,"column":0},"end":{"line":6,"column":24}},"1":{"start":{"line":1,"column":0},"end":{"line":1,"column":43}},"2":{"start":{"line":2,"column":0},"end":{"line":2,"column":45}},"3":{"start":{"line":7,"column":24},"end":{"line":14,"column":4}},"4":{"start":{"line":9,"column":4},"end":{"line":12,"column":14}},"5":{"start":{"line":10,"column":18},"end":{"line":10,"column":51}},"6":{"start":{"line":11,"column":6},"end":{"line":11,"column":null}},"7":{"start":{"line":11,"column":15},"end":{"line":11,"column":null}},"8":{"start":{"line":13,"column":4},"end":{"line":13,"column":null}},"9":{"start":{"line":15,"column":34},"end":{"line":15,"column":58}},"10":{"start":{"line":16,"column":30},"end":{"line":18,"column":4}},"11":{"start":{"line":17,"column":4},"end":{"line":17,"column":89}},"12":{"start":{"line":17,"column":10},"end":{"line":17,"column":65}},"13":{"start":{"line":17,"column":75},"end":{"line":17,"column":88}},"14":{"start":{"line":19,"column":30},"end":{"line":19,"column":61}},"15":{"start":{"line":21,"column":2},"end":{"line":27,"column":null}},"16":{"start":{"line":22,"column":4},"end":{"line":24,"column":14}},"17":{"start":{"line":23,"column":6},"end":{"line":23,"column":null}},"18":{"start":{"line":25,"column":19},"end":{"line":25,"column":64}},"19":{"start":{"line":26,"column":4},"end":{"line":26,"column":null}},"20":{"start":{"line":29,"column":2},"end":{"line":54,"column":null}},"21":{"start":{"line":30,"column":19},"end":{"line":36,"column":5}},"22":{"start":{"line":31,"column":6},"end":{"line":31,"column":27}},"23":{"start":{"line":31,"column":21},"end":{"line":31,"column":27}},"24":{"start":{"line":33,"column":16},"end":{"line":33,"column":66}},"25":{"start":{"line":34,"column":16},"end":{"line":34,"column":66}},"26":{"start":{"line":35,"column":6},"end":{"line":35,"column":null}},"27":{"start":{"line":37,"column":17},"end":{"line":37,"column":41}},"28":{"start":{"line":37,"column":23},"end":{"line":37,"column":41}},"29":{"start":{"line":38,"column":4},"end":{"line":38,"column":null}},"30":{"start":{"line":39,"column":4},"end":{"line":39,"column":null}},"31":{"start":{"line":40,"column":21},"end":{"line":42,"column":5}},"32":{"start":{"line":41,"column":6},"end":{"line":41,"column":null}},"33":{"start":{"line":43,"column":22},"end":{"line":45,"column":5}},"34":{"start":{"line":44,"column":6},"end":{"line":44,"column":null}},"35":{"start":{"line":46,"column":4},"end":{"line":46,"column":null}},"36":{"start":{"line":47,"column":4},"end":{"line":47,"column":null}},"37":{"start":{"line":48,"column":4},"end":{"line":53,"column":null}},"38":{"start":{"line":49,"column":6},"end":{"line":49,"column":null}},"39":{"start":{"line":50,"column":6},"end":{"line":50,"column":null}},"40":{"start":{"line":51,"column":6},"end":{"line":51,"column":null}},"41":{"start":{"line":52,"column":6},"end":{"line":52,"column":null}},"42":{"start":{"line":56,"column":2},"end":{"line":56,"column":null}},"43":{"start":{"line":56,"column":14},"end":{"line":56,"column":null}},"44":{"start":{"line":58,"column":2},"end":{"line":78,"column":null}},"45":{"start":{"line":64,"column":23},"end":{"line":64,"column":56}},"46":{"start":{"line":65,"column":21},"end":{"line":65,"column":51}},"47":{"start":{"line":66,"column":8},"end":{"line":66,"column":null}},"48":{"start":{"line":68,"column":28},"end":{"line":68,"column":48}},"49":{"start":{"line":69,"column":19},"end":{"line":69,"column":95}},"50":{"start":{"line":70,"column":19},"end":{"line":70,"column":94}},"51":{"start":{"line":71,"column":8},"end":{"line":71,"column":null}}},"fnMap":{"0":{"name":"DraggableOlive","decl":{"start":{"line":6,"column":24},"end":{"line":6,"column":38}},"loc":{"start":{"line":6,"column":38},"end":{"line":79,"column":1}}},"1":{"name":"(anonymous_2)","decl":{"start":{"line":7,"column":40},"end":{"line":7,"column":43}},"loc":{"start":{"line":7,"column":45},"end":{"line":14,"column":3}}},"2":{"name":"(anonymous_3)","decl":{"start":{"line":16,"column":48},"end":{"line":16,"column":51}},"loc":{"start":{"line":16,"column":53},"end":{"line":18,"column":3}}},"3":{"name":"(anonymous_4)","decl":{"start":{"line":21,"column":12},"end":{"line":21,"column":15}},"loc":{"start":{"line":21,"column":17},"end":{"line":27,"column":3}}},"4":{"name":"(anonymous_5)","decl":{"start":{"line":29,"column":12},"end":{"line":29,"column":15}},"loc":{"start":{"line":29,"column":17},"end":{"line":54,"column":3}}},"5":{"name":"(anonymous_6)","decl":{"start":{"line":30,"column":19},"end":{"line":30,"column":20}},"loc":{"start":{"line":30,"column":39},"end":{"line":36,"column":5}}},"6":{"name":"(anonymous_7)","decl":{"start":{"line":37,"column":17},"end":{"line":37,"column":20}},"loc":{"start":{"line":37,"column":23},"end":{"line":37,"column":41}}},"7":{"name":"(anonymous_8)","decl":{"start":{"line":40,"column":21},"end":{"line":40,"column":24}},"loc":{"start":{"line":40,"column":26},"end":{"line":42,"column":5}}},"8":{"name":"(anonymous_9)","decl":{"start":{"line":43,"column":22},"end":{"line":43,"column":25}},"loc":{"start":{"line":43,"column":27},"end":{"line":45,"column":5}}},"9":{"name":"(anonymous_10)","decl":{"start":{"line":48,"column":11},"end":{"line":48,"column":14}},"loc":{"start":{"line":48,"column":16},"end":{"line":53,"column":5}}},"10":{"name":"(anonymous_11)","decl":{"start":{"line":63,"column":21},"end":{"line":63,"column":22}},"loc":{"start":{"line":63,"column":27},"end":{"line":72,"column":7}}}},"branchMap":{"0":{"loc":{"start":{"line":11,"column":6},"end":{"line":11,"column":null}},"type":"if","locations":[{"start":{"line":11,"column":6},"end":{"line":11,"column":null}},{"start":{},"end":{}}]},"1":{"loc":{"start":{"line":31,"column":6},"end":{"line":31,"column":27}},"type":"if","locations":[{"start":{"line":31,"column":6},"end":{"line":31,"column":27}},{"start":{},"end":{}}]},"2":{"loc":{"start":{"line":33,"column":17},"end":{"line":33,"column":54}},"type":"binary-expr","locations":[{"start":{"line":33,"column":17},"end":{"line":33,"column":24}},{"start":{"line":33,"column":28},"end":{"line":33,"column":54}}]},"3":{"loc":{"start":{"line":34,"column":17},"end":{"line":34,"column":54}},"type":"binary-expr","locations":[{"start":{"line":34,"column":17},"end":{"line":34,"column":24}},{"start":{"line":34,"column":28},"end":{"line":34,"column":54}}]},"4":{"loc":{"start":{"line":56,"column":2},"end":{"line":56,"column":null}},"type":"if","locations":[{"start":{"line":56,"column":2},"end":{"line":56,"column":null}},{"start":{},"end":{}}]},"5":{"loc":{"start":{"line":69,"column":19},"end":{"line":69,"column":95}},"type":"cond-expr","locations":[{"start":{"line":69,"column":57},"end":{"line":69,"column":71}},{"start":{"line":69,"column":74},"end":{"line":69,"column":95}}]},"6":{"loc":{"start":{"line":70,"column":19},"end":{"line":70,"column":94}},"type":"cond-expr","locations":[{"start":{"line":70,"column":57},"end":{"line":70,"column":71}},{"start":{"line":70,"column":74},"end":{"line":70,"column":94}}]}},"s":{"0":2,"1":2,"2":2,"3":7,"4":4,"5":4,"6":4,"7":0,"8":4,"9":7,"10":7,"11":4,"12":4,"13":0,"14":7,"15":7,"16":4,"17":4,"18":4,"19":4,"20":7,"21":5,"22":1,"23":1,"24":0,"25":0,"26":0,"27":5,"28":1,"29":5,"30":5,"31":5,"32":1,"33":5,"34":1,"35":5,"36":5,"37":5,"38":5,"39":5,"40":5,"41":5,"42":7,"43":2,"44":5,"45":1,"46":1,"47":1,"48":1,"49":1,"50":1,"51":1},"f":{"0":7,"1":4,"2":4,"3":4,"4":5,"5":1,"6":1,"7":1,"8":1,"9":5,"10":1},"b":{"0":[0,4],"1":[1,0],"2":[0,0],"3":[0,0],"4":[2,5],"5":[0,1],"6":[0,1]}}
,"/Users/maelbourdin/Documents/Epsi/Cours/2025-2026/Workshop/Application/Jamesbond/007/src/app/components/interactiveMap.tsx": {"path":"/Users/maelbourdin/Documents/Epsi/Cours/2025-2026/Workshop/Application/Jamesbond/007/src/app/components/interactiveMap.tsx","statementMap":{"0":{"start":{"line":32,"column":0},"end":{"line":32,"column":24}},"1":{"start":{"line":1,"column":0},"end":{"line":1,"column":51}},"2":{"start":{"line":2,"column":0},"end":{"line":2,"column":23}},"3":{"start":{"line":3,"column":0},"end":{"line":3,"column":33}},"4":{"start":{"line":6,"column":0},"end":{"line":6,"column":null}},"5":{"start":{"line":7,"column":0},"end":{"line":11,"column":null}},"6":{"start":{"line":33,"column":34},"end":{"line":33,"column":49}},"7":{"start":{"line":34,"column":17},"end":{"line":34,"column":45}},"8":{"start":{"line":35,"column":25},"end":{"line":35,"column":51}},"9":{"start":{"line":36,"column":21},"end":{"line":36,"column":43}},"10":{"start":{"line":38,"column":2},"end":{"line":40,"column":null}},"11":{"start":{"line":39,"column":4},"end":{"line":39,"column":null}},"12":{"start":{"line":42,"column":2},"end":{"line":86,"column":null}},"13":{"start":{"line":43,"column":4},"end":{"line":43,"column":44}},"14":{"start":{"line":43,"column":38},"end":{"line":43,"column":44}},"15":{"start":{"line":46,"column":4},"end":{"line":52,"column":5}},"16":{"start":{"line":47,"column":6},"end":{"line":47,"column":null}},"17":{"start":{"line":49,"column":6},"end":{"line":51,"column":null}},"18":{"start":{"line":55,"column":4},"end":{"line":57,"column":null}},"19":{"start":{"line":56,"column":6},"end":{"line":56,"column":null}},"20":{"start":{"line":58,"column":4},"end":{"line":58,"column":null}},"21":{"start":{"line":61,"column":4},"end":{"line":71,"column":null}},"22":{"start":{"line":62,"column":20},"end":{"line":62,"column":84}},"23":{"start":{"line":63,"column":19},"end":{"line":63,"column":42}},"24":{"start":{"line":65,"column":21},"end":{"line":68,"column":58}},"25":{"start":{"line":68,"column":27},"end":{"line":68,"column":57}},"26":{"start":{"line":70,"column":6},"end":{"line":70,"column":null}},"27":{"start":{"line":74,"column":4},"end":{"line":77,"column":5}},"28":{"start":{"line":75,"column":20},"end":{"line":75,"column":54}},"29":{"start":{"line":76,"column":6},"end":{"line":76,"column":null}},"30":{"start":{"line":80,"column":4},"end":{"line":85,"column":null}},"31":{"start":{"line":81,"column":6},"end":{"line":83,"column":null}},"32":{"start":{"line":82,"column":8},"end":{"line":82,"column":null}},"33":{"start":{"line":84,"column":6},"end":{"line":84,"column":null}},"34":{"start":{"line":88,"column":2},"end":{"line":95,"column":null}},"35":{"start":{"line":89,"column":4},"end":{"line":94,"column":null}},"36":{"start":{"line":90,"column":6},"end":{"line":93,"column":7}},"37":{"start":{"line":91,"column":8},"end":{"line":91,"column":null}},"38":{"start":{"line":92,"column":8},"end":{"line":92,"column":null}},"39":{"start":{"line":97,"column":25},"end":{"line":101,"column":3}},"40":{"start":{"line":98,"column":4},"end":{"line":98,"column":35}},"41":{"start":{"line":98,"column":18},"end":{"line":98,"column":35}},"42":{"start":{"line":99,"column":4},"end":{"line":99,"column":47}},"43":{"start":{"line":99,"column":30},"end":{"line":99,"column":47}},"44":{"start":{"line":100,"column":4},"end":{"line":100,"column":21}},"45":{"start":{"line":103,"column":27},"end":{"line":123,"column":3}},"46":{"start":{"line":104,"column":4},"end":{"line":122,"column":null}},"47":{"start":{"line":125,"column":29},"end":{"line":144,"column":3}},"48":{"start":{"line":126,"column":4},"end":{"line":143,"column":null}},"49":{"start":{"line":146,"column":2},"end":{"line":152,"column":3}},"50":{"start":{"line":147,"column":4},"end":{"line":151,"column":null}},"51":{"start":{"line":154,"column":2},"end":{"line":158,"column":null}}},"fnMap":{"0":{"name":"InteractiveMap","decl":{"start":{"line":32,"column":24},"end":{"line":32,"column":38}},"loc":{"start":{"line":32,"column":94},"end":{"line":159,"column":1}}},"1":{"name":"(anonymous_2)","decl":{"start":{"line":38,"column":12},"end":{"line":38,"column":15}},"loc":{"start":{"line":38,"column":17},"end":{"line":40,"column":3}}},"2":{"name":"(anonymous_3)","decl":{"start":{"line":42,"column":12},"end":{"line":42,"column":15}},"loc":{"start":{"line":42,"column":17},"end":{"line":86,"column":3}}},"3":{"name":"(anonymous_4)","decl":{"start":{"line":55,"column":31},"end":{"line":55,"column":37}},"loc":{"start":{"line":55,"column":40},"end":{"line":57,"column":5}}},"4":{"name":"(anonymous_5)","decl":{"start":{"line":61,"column":24},"end":{"line":61,"column":25}},"loc":{"start":{"line":61,"column":38},"end":{"line":71,"column":5}}},"5":{"name":"(anonymous_6)","decl":{"start":{"line":68,"column":21},"end":{"line":68,"column":24}},"loc":{"start":{"line":68,"column":27},"end":{"line":68,"column":57}}},"6":{"name":"(anonymous_7)","decl":{"start":{"line":80,"column":11},"end":{"line":80,"column":14}},"loc":{"start":{"line":80,"column":16},"end":{"line":85,"column":5}}},"7":{"name":"(anonymous_8)","decl":{"start":{"line":81,"column":33},"end":{"line":81,"column":39}},"loc":{"start":{"line":81,"column":42},"end":{"line":83,"column":7}}},"8":{"name":"(anonymous_9)","decl":{"start":{"line":88,"column":12},"end":{"line":88,"column":15}},"loc":{"start":{"line":88,"column":17},"end":{"line":95,"column":3}}},"9":{"name":"(anonymous_10)","decl":{"start":{"line":89,"column":11},"end":{"line":89,"column":14}},"loc":{"start":{"line":89,"column":16},"end":{"line":94,"column":5}}},"10":{"name":"(anonymous_11)","decl":{"start":{"line":97,"column":25},"end":{"line":97,"column":26}},"loc":{"start":{"line":97,"column":72},"end":{"line":101,"column":3}}},"11":{"name":"(anonymous_12)","decl":{"start":{"line":103,"column":27},"end":{"line":103,"column":28}},"loc":{"start":{"line":103,"column":45},"end":{"line":123,"column":3}}},"12":{"name":"(anonymous_13)","decl":{"start":{"line":125,"column":29},"end":{"line":125,"column":30}},"loc":{"start":{"line":125,"column":62},"end":{"line":144,"column":3}}}},"branchMap":{"0":{"loc":{"start":{"line":43,"column":4},"end":{"line":43,"column":44}},"type":"if","locations":[{"start":{"line":43,"column":4},"end":{"line":43,"column":44}},{"start":{},"end":{}}]},"1":{"loc":{"start":{"line":43,"column":8},"end":{"line":43,"column":36}},"type":"binary-expr","locations":[{"start":{"line":43,"column":8},"end":{"line":43,"column":17}},{"start":{"line":43,"column":21},"end":{"line":43,"column":36}}]},"2":{"loc":{"start":{"line":46,"column":4},"end":{"line":52,"column":5}},"type":"if","locations":[{"start":{"line":46,"column":4},"end":{"line":52,"column":5}},{"start":{},"end":{}}]},"3":{"loc":{"start":{"line":74,"column":4},"end":{"line":77,"column":5}},"type":"if","locations":[{"start":{"line":74,"column":4},"end":{"line":77,"column":5}},{"start":{},"end":{}}]},"4":{"loc":{"start":{"line":90,"column":6},"end":{"line":93,"column":7}},"type":"if","locations":[{"start":{"line":90,"column":6},"end":{"line":93,"column":7}},{"start":{},"end":{}}]},"5":{"loc":{"start":{"line":98,"column":4},"end":{"line":98,"column":35}},"type":"if","locations":[{"start":{"line":98,"column":4},"end":{"line":98,"column":35}},{"start":{},"end":{}}]},"6":{"loc":{"start":{"line":99,"column":4},"end":{"line":99,"column":47}},"type":"if","locations":[{"start":{"line":99,"column":4},"end":{"line":99,"column":47}},{"start":{},"end":{}}]},"7":{"loc":{"start":{"line":131,"column":29},"end":{"line":131,"column":72}},"type":"cond-expr","locations":[{"start":{"line":131,"column":51},"end":{"line":131,"column":60}},{"start":{"line":131,"column":63},"end":{"line":131,"column":72}}]},"8":{"loc":{"start":{"line":132,"column":12},"end":{"line":132,"column":65}},"type":"cond-expr","locations":[{"start":{"line":132,"column":34},"end":{"line":132,"column":47}},{"start":{"line":132,"column":50},"end":{"line":132,"column":65}}]},"9":{"loc":{"start":{"line":140,"column":10},"end":{"line":140,"column":153}},"type":"cond-expr","locations":[{"start":{"line":140,"column":31},"end":{"line":140,"column":148}},{"start":{"line":140,"column":151},"end":{"line":140,"column":153}}]},"10":{"loc":{"start":{"line":141,"column":10},"end":{"line":141,"column":143}},"type":"cond-expr","locations":[{"start":{"line":141,"column":35},"end":{"line":141,"column":138}},{"start":{"line":141,"column":141},"end":{"line":141,"column":143}}]},"11":{"loc":{"start":{"line":146,"column":2},"end":{"line":152,"column":3}},"type":"if","locations":[{"start":{"line":146,"column":2},"end":{"line":152,"column":3}},{"start":{},"end":{}}]}},"s":{"0":2,"1":2,"2":2,"3":2,"4":2,"5":2,"6":2,"7":2,"8":2,"9":2,"10":2,"11":1,"12":2,"13":2,"14":1,"15":1,"16":1,"17":1,"18":1,"19":0,"20":1,"21":1,"22":1,"23":1,"24":1,"25":0,"26":1,"27":1,"28":1,"29":1,"30":1,"31":1,"32":1,"33":1,"34":2,"35":1,"36":1,"37":1,"38":1,"39":2,"40":1,"41":0,"42":1,"43":1,"44":0,"45":2,"46":1,"47":2,"48":1,"49":2,"50":1,"51":1},"f":{"0":2,"1":1,"2":2,"3":0,"4":1,"5":0,"6":1,"7":1,"8":1,"9":1,"10":1,"11":1,"12":1},"b":{"0":[1,1],"1":[2,1],"2":[1,0],"3":[1,0],"4":[1,0],"5":[0,1],"6":[1,0],"7":[0,1],"8":[0,1],"9":[0,1],"10":[0,1],"11":[1,1]}}
,"/Users/maelbourdin/Documents/Epsi/Cours/2025-2026/Workshop/Application/Jamesbond/007/src/app/components/reset.tsx": {"path":"/Users/maelbourdin/Documents/Epsi/Cours/2025-2026/Workshop/Application/Jamesbond/007/src/app/components/reset.tsx","statementMap":{"0":{"start":{"line":3,"column":0},"end":{"line":3,"column":24}},"1":{"start":{"line":1,"column":0},"end":{"line":1,"column":29}},"2":{"start":{"line":5,"column":4},"end":{"line":11,"column":14}},"3":{"start":{"line":6,"column":6},"end":{"line":6,"column":null}},"4":{"start":{"line":7,"column":6},"end":{"line":7,"column":null}},"5":{"start":{"line":8,"column":6},"end":{"line":8,"column":null}},"6":{"start":{"line":9,"column":6},"end":{"line":9,"column":null}},"7":{"start":{"line":10,"column":6},"end":{"line":10,"column":null}},"8":{"start":{"line":13,"column":4},"end":{"line":13,"column":null}},"9":{"start":{"line":16,"column":2},"end":{"line":20,"column":null}}},"fnMap":{"0":{"name":"Reset","decl":{"start":{"line":3,"column":24},"end":{"line":3,"column":29}},"loc":{"start":{"line":3,"column":29},"end":{"line":21,"column":1}}},"1":{"name":"handleReset","decl":{"start":{"line":4,"column":11},"end":{"line":4,"column":22}},"loc":{"start":{"line":4,"column":22},"end":{"line":14,"column":3}}}},"branchMap":{},"s":{"0":2,"1":2,"2":1,"3":1,"4":1,"5":1,"6":1,"7":1,"8":1,"9":2},"f":{"0":2,"1":1},"b":{}}
,"/Users/maelbourdin/Documents/Epsi/Cours/2025-2026/Workshop/Application/Jamesbond/007/src/app/components/stationaryGlass.tsx": {"path":"/Users/maelbourdin/Documents/Epsi/Cours/2025-2026/Workshop/Application/Jamesbond/007/src/app/components/stationaryGlass.tsx","statementMap":{"0":{"start":{"line":10,"column":0},"end":{"line":10,"column":24}},"1":{"start":{"line":1,"column":0},"end":{"line":1,"column":51}},"2":{"start":{"line":2,"column":0},"end":{"line":2,"column":60}},"3":{"start":{"line":3,"column":0},"end":{"line":3,"column":64}},"4":{"start":{"line":4,"column":0},"end":{"line":4,"column":29}},"5":{"start":{"line":11,"column":14},"end":{"line":11,"column":49}},"6":{"start":{"line":12,"column":23},"end":{"line":12,"column":90}},"7":{"start":{"line":13,"column":24},"end":{"line":13,"column":91}},"8":{"start":{"line":14,"column":36},"end":{"line":14,"column":60}},"9":{"start":{"line":15,"column":38},"end":{"line":15,"column":62}},"10":{"start":{"line":16,"column":30},"end":{"line":18,"column":4}},"11":{"start":{"line":17,"column":4},"end":{"line":17,"column":89}},"12":{"start":{"line":17,"column":10},"end":{"line":17,"column":65}},"13":{"start":{"line":17,"column":75},"end":{"line":17,"column":88}},"14":{"start":{"line":20,"column":2},"end":{"line":34,"column":null}},"15":{"start":{"line":22,"column":4},"end":{"line":33,"column":5}},"16":{"start":{"line":23,"column":6},"end":{"line":23,"column":null}},"17":{"start":{"line":24,"column":6},"end":{"line":24,"column":67}},"18":{"start":{"line":24,"column":12},"end":{"line":24,"column":57}},"19":{"start":{"line":25,"column":6},"end":{"line":25,"column":null}},"20":{"start":{"line":26,"column":11},"end":{"line":33,"column":5}},"21":{"start":{"line":28,"column":6},"end":{"line":32,"column":7}},"22":{"start":{"line":29,"column":8},"end":{"line":29,"column":null}},"23":{"start":{"line":30,"column":8},"end":{"line":30,"column":64}},"24":{"start":{"line":30,"column":14},"end":{"line":30,"column":54}},"25":{"start":{"line":31,"column":8},"end":{"line":31,"column":null}},"26":{"start":{"line":36,"column":2},"end":{"line":79,"column":null}},"27":{"start":{"line":37,"column":20},"end":{"line":70,"column":5}},"28":{"start":{"line":38,"column":17},"end":{"line":38,"column":28}},"29":{"start":{"line":39,"column":6},"end":{"line":39,"column":21}},"30":{"start":{"line":39,"column":15},"end":{"line":39,"column":21}},"31":{"start":{"line":40,"column":20},"end":{"line":40,"column":46}},"32":{"start":{"line":41,"column":18},"end":{"line":41,"column":20}},"33":{"start":{"line":43,"column":16},"end":{"line":43,"column":43}},"34":{"start":{"line":44,"column":16},"end":{"line":44,"column":43}},"35":{"start":{"line":45,"column":16},"end":{"line":45,"column":35}},"36":{"start":{"line":46,"column":16},"end":{"line":46,"column":36}},"37":{"start":{"line":47,"column":19},"end":{"line":47,"column":33}},"38":{"start":{"line":49,"column":6},"end":{"line":50,"column":null}},"39":{"start":{"line":49,"column":28},"end":{"line":49,"column":null}},"40":{"start":{"line":50,"column":11},"end":{"line":50,"column":null}},"41":{"start":{"line":52,"column":26},"end":{"line":64,"column":7}},"42":{"start":{"line":53,"column":8},"end":{"line":53,"column":null}},"43":{"start":{"line":53,"column":16},"end":{"line":53,"column":null}},"44":{"start":{"line":54,"column":21},"end":{"line":54,"column":24}},"45":{"start":{"line":55,"column":22},"end":{"line":55,"column":31}},"46":{"start":{"line":56,"column":20},"end":{"line":56,"column":23}},"47":{"start":{"line":57,"column":23},"end":{"line":57,"column":32}},"48":{"start":{"line":58,"column":8},"end":{"line":63,"column":null}},"49":{"start":{"line":66,"column":27},"end":{"line":66,"column":60}},"50":{"start":{"line":67,"column":28},"end":{"line":67,"column":62}},"51":{"start":{"line":68,"column":6},"end":{"line":68,"column":null}},"52":{"start":{"line":69,"column":6},"end":{"line":69,"column":null}},"53":{"start":{"line":71,"column":20},"end":{"line":71,"column":80}},"54":{"start":{"line":71,"column":34},"end":{"line":71,"column":80}},"55":{"start":{"line":72,"column":21},"end":{"line":72,"column":82}},"56":{"start":{"line":72,"column":35},"end":{"line":72,"column":82}},"57":{"start":{"line":73,"column":4},"end":{"line":73,"column":null}},"58":{"start":{"line":74,"column":4},"end":{"line":74,"column":null}},"59":{"start":{"line":75,"column":4},"end":{"line":78,"column":null}},"60":{"start":{"line":76,"column":6},"end":{"line":76,"column":null}},"61":{"start":{"line":77,"column":6},"end":{"line":77,"column":null}},"62":{"start":{"line":81,"column":2},"end":{"line":101,"column":3}},"63":{"start":{"line":82,"column":4},"end":{"line":100,"column":null}},"64":{"start":{"line":103,"column":2},"end":{"line":124,"column":null}}},"fnMap":{"0":{"name":"StationaryGlass","decl":{"start":{"line":10,"column":24},"end":{"line":10,"column":39}},"loc":{"start":{"line":10,"column":77},"end":{"line":125,"column":1}}},"1":{"name":"(anonymous_2)","decl":{"start":{"line":16,"column":48},"end":{"line":16,"column":51}},"loc":{"start":{"line":16,"column":53},"end":{"line":18,"column":3}}},"2":{"name":"(anonymous_3)","decl":{"start":{"line":20,"column":12},"end":{"line":20,"column":15}},"loc":{"start":{"line":20,"column":17},"end":{"line":34,"column":3}}},"3":{"name":"(anonymous_4)","decl":{"start":{"line":36,"column":12},"end":{"line":36,"column":15}},"loc":{"start":{"line":36,"column":17},"end":{"line":79,"column":3}}},"4":{"name":"(anonymous_5)","decl":{"start":{"line":37,"column":20},"end":{"line":37,"column":21}},"loc":{"start":{"line":37,"column":77},"end":{"line":70,"column":5}}},"5":{"name":"(anonymous_6)","decl":{"start":{"line":52,"column":26},"end":{"line":52,"column":27}},"loc":{"start":{"line":52,"column":87},"end":{"line":64,"column":7}}},"6":{"name":"(anonymous_7)","decl":{"start":{"line":71,"column":20},"end":{"line":71,"column":21}},"loc":{"start":{"line":71,"column":34},"end":{"line":71,"column":80}}},"7":{"name":"(anonymous_8)","decl":{"start":{"line":72,"column":21},"end":{"line":72,"column":22}},"loc":{"start":{"line":72,"column":35},"end":{"line":72,"column":82}}},"8":{"name":"(anonymous_9)","decl":{"start":{"line":75,"column":11},"end":{"line":75,"column":14}},"loc":{"start":{"line":75,"column":16},"end":{"line":78,"column":5}}}},"branchMap":{"0":{"loc":{"start":{"line":10,"column":42},"end":{"line":10,"column":58}},"type":"default-arg","locations":[{"start":{"line":10,"column":49},"end":{"line":10,"column":58}}]},"1":{"loc":{"start":{"line":22,"column":4},"end":{"line":33,"column":5}},"type":"if","locations":[{"start":{"line":22,"column":4},"end":{"line":33,"column":5}},{"start":{"line":26,"column":11},"end":{"line":33,"column":5}}]},"2":{"loc":{"start":{"line":22,"column":8},"end":{"line":22,"column":42}},"type":"binary-expr","locations":[{"start":{"line":22,"column":8},"end":{"line":22,"column":17}},{"start":{"line":22,"column":21},"end":{"line":22,"column":31}},{"start":{"line":22,"column":35},"end":{"line":22,"column":42}}]},"3":{"loc":{"start":{"line":26,"column":11},"end":{"line":33,"column":5}},"type":"if","locations":[{"start":{"line":26,"column":11},"end":{"line":33,"column":5}},{"start":{},"end":{}}]},"4":{"loc":{"start":{"line":26,"column":15},"end":{"line":26,"column":40}},"type":"binary-expr","locations":[{"start":{"line":26,"column":15},"end":{"line":26,"column":25}},{"start":{"line":26,"column":29},"end":{"line":26,"column":40}}]},"5":{"loc":{"start":{"line":28,"column":6},"end":{"line":32,"column":7}},"type":"if","locations":[{"start":{"line":28,"column":6},"end":{"line":32,"column":7}},{"start":{},"end":{}}]},"6":{"loc":{"start":{"line":39,"column":6},"end":{"line":39,"column":21}},"type":"if","locations":[{"start":{"line":39,"column":6},"end":{"line":39,"column":21}},{"start":{},"end":{}}]},"7":{"loc":{"start":{"line":45,"column":16},"end":{"line":45,"column":35}},"type":"binary-expr","locations":[{"start":{"line":45,"column":16},"end":{"line":45,"column":30}},{"start":{"line":45,"column":34},"end":{"line":45,"column":35}}]},"8":{"loc":{"start":{"line":46,"column":16},"end":{"line":46,"column":36}},"type":"binary-expr","locations":[{"start":{"line":46,"column":16},"end":{"line":46,"column":31}},{"start":{"line":46,"column":35},"end":{"line":46,"column":36}}]},"9":{"loc":{"start":{"line":49,"column":6},"end":{"line":50,"column":null}},"type":"if","locations":[{"start":{"line":49,"column":6},"end":{"line":50,"column":null}},{"start":{"line":50,"column":11},"end":{"line":50,"column":null}}]},"10":{"loc":{"start":{"line":53,"column":8},"end":{"line":53,"column":null}},"type":"if","locations":[{"start":{"line":53,"column":8},"end":{"line":53,"column":null}},{"start":{},"end":{}}]},"11":{"loc":{"start":{"line":59,"column":10},"end":{"line":62,"column":34}},"type":"binary-expr","locations":[{"start":{"line":59,"column":10},"end":{"line":59,"column":34}},{"start":{"line":60,"column":10},"end":{"line":60,"column":34}},{"start":{"line":61,"column":10},"end":{"line":61,"column":34}},{"start":{"line":62,"column":10},"end":{"line":62,"column":34}}]},"12":{"loc":{"start":{"line":81,"column":2},"end":{"line":101,"column":3}},"type":"if","locations":[{"start":{"line":81,"column":2},"end":{"line":101,"column":3}},{"start":{},"end":{}}]},"13":{"loc":{"start":{"line":90,"column":30},"end":{"line":90,"column":44}},"type":"cond-expr","locations":[{"start":{"line":90,"column":39},"end":{"line":90,"column":40}},{"start":{"line":90,"column":43},"end":{"line":90,"column":44}}]},"14":{"loc":{"start":{"line":94,"column":9},"end":{"line":97,"column":null}},"type":"binary-expr","locations":[{"start":{"line":94,"column":9},"end":{"line":94,"column":15}},{"start":{"line":95,"column":10},"end":{"line":96,"column":null}}]},"15":{"loc":{"start":{"line":111,"column":28},"end":{"line":111,"column":42}},"type":"cond-expr","locations":[{"start":{"line":111,"column":37},"end":{"line":111,"column":38}},{"start":{"line":111,"column":41},"end":{"line":111,"column":42}}]},"16":{"loc":{"start":{"line":116,"column":7},"end":{"line":121,"column":null}},"type":"binary-expr","locations":[{"start":{"line":116,"column":7},"end":{"line":116,"column":13}},{"start":{"line":117,"column":8},"end":{"line":120,"column":null}}]}},"s":{"0":2,"1":2,"2":2,"3":2,"4":2,"5":7,"6":7,"7":7,"8":7,"9":7,"10":7,"11":4,"12":4,"13":0,"14":7,"15":7,"16":1,"17":1,"18":1,"19":1,"20":6,"21":5,"22":0,"23":0,"24":0,"25":0,"26":7,"27":4,"28":3,"29":3,"30":0,"31":3,"32":3,"33":3,"34":3,"35":3,"36":3,"37":3,"38":3,"39":2,"40":1,"41":3,"42":6,"43":2,"44":4,"45":4,"46":4,"47":4,"48":4,"49":3,"50":3,"51":3,"52":3,"53":4,"54":2,"55":4,"56":1,"57":4,"58":4,"59":4,"60":4,"61":4,"62":7,"63":6,"64":1},"f":{"0":7,"1":4,"2":7,"3":4,"4":3,"5":6,"6":2,"7":1,"8":4},"b":{"0":[0],"1":[1,6],"2":[7,3,2],"3":[5,1],"4":[6,2],"5":[0,5],"6":[0,3],"7":[3,0],"8":[3,0],"9":[2,1],"10":[2,4],"11":[4,4,4,4],"12":[6,1],"13":[1,5],"14":[6,1],"15":[0,1],"16":[1,0]}}
,"/Users/maelbourdin/Documents/Epsi/Cours/2025-2026/Workshop/Application/Jamesbond/007/src/app/fanpage/aboutSection.tsx": {"path":"/Users/maelbourdin/Documents/Epsi/Cours/2025-2026/Workshop/Application/Jamesbond/007/src/app/fanpage/aboutSection.tsx","statementMap":{"0":{"start":{"line":1,"column":0},"end":{"line":1,"column":24}},"1":{"start":{"line":2,"column":2},"end":{"line":10,"column":null}}},"fnMap":{"0":{"name":"AboutSection","decl":{"start":{"line":1,"column":24},"end":{"line":1,"column":36}},"loc":{"start":{"line":1,"column":36},"end":{"line":11,"column":1}}}},"branchMap":{},"s":{"0":3,"1":2},"f":{"0":2},"b":{}}
,"/Users/maelbourdin/Documents/Epsi/Cours/2025-2026/Workshop/Application/Jamesbond/007/src/app/fanpage/carrouselSection.tsx": {"path":"/Users/maelbourdin/Documents/Epsi/Cours/2025-2026/Workshop/Application/Jamesbond/007/src/app/fanpage/carrouselSection.tsx","statementMap":{"0":{"start":{"line":7,"column":0},"end":{"line":7,"column":24}},"1":{"start":{"line":1,"column":0},"end":{"line":1,"column":54}},"2":{"start":{"line":2,"column":0},"end":{"line":2,"column":55}},"3":{"start":{"line":3,"column":0},"end":{"line":3,"column":55}},"4":{"start":{"line":4,"column":0},"end":{"line":4,"column":55}},"5":{"start":{"line":8,"column":2},"end":{"line":36,"column":null}},"6":{"start":{"line":22,"column":10},"end":{"line":22,"column":26}}},"fnMap":{"0":{"name":"CarrouselSection","decl":{"start":{"line":7,"column":24},"end":{"line":7,"column":40}},"loc":{"start":{"line":7,"column":40},"end":{"line":37,"column":1}}},"1":{"name":"(anonymous_2)","decl":{"start":{"line":21,"column":14},"end":{"line":21,"column":15}},"loc":{"start":{"line":22,"column":10},"end":{"line":22,"column":26}}}},"branchMap":{},"s":{"0":3,"1":3,"2":3,"3":3,"4":3,"5":2,"6":16},"f":{"0":2,"1":16},"b":{}}
,"/Users/maelbourdin/Documents/Epsi/Cours/2025-2026/Workshop/Application/Jamesbond/007/src/app/fanpage/dossiersSection.tsx": {"path":"/Users/maelbourdin/Documents/Epsi/Cours/2025-2026/Workshop/Application/Jamesbond/007/src/app/fanpage/dossiersSection.tsx","statementMap":{"0":{"start":{"line":9,"column":0},"end":{"line":9,"column":24}},"1":{"start":{"line":1,"column":0},"end":{"line":1,"column":47}},"2":{"start":{"line":2,"column":0},"end":{"line":2,"column":47}},"3":{"start":{"line":3,"column":0},"end":{"line":3,"column":47}},"4":{"start":{"line":4,"column":0},"end":{"line":4,"column":48}},"5":{"start":{"line":5,"column":0},"end":{"line":5,"column":47}},"6":{"start":{"line":6,"column":0},"end":{"line":6,"column":48}},"7":{"start":{"line":10,"column":2},"end":{"line":24,"column":null}},"8":{"start":{"line":18,"column":10},"end":{"line":18,"column":23}}},"fnMap":{"0":{"name":"DossiersSection","decl":{"start":{"line":9,"column":24},"end":{"line":9,"column":39}},"loc":{"start":{"line":9,"column":39},"end":{"line":25,"column":1}}},"1":{"name":"(anonymous_2)","decl":{"start":{"line":17,"column":68},"end":{"line":17,"column":69}},"loc":{"start":{"line":18,"column":10},"end":{"line":18,"column":23}}}},"branchMap":{},"s":{"0":3,"1":3,"2":3,"3":3,"4":3,"5":3,"6":3,"7":2,"8":12},"f":{"0":2,"1":12},"b":{}}
,"/Users/maelbourdin/Documents/Epsi/Cours/2025-2026/Workshop/Application/Jamesbond/007/src/app/fanpage/faqSection.tsx": {"path":"/Users/maelbourdin/Documents/Epsi/Cours/2025-2026/Workshop/Application/Jamesbond/007/src/app/fanpage/faqSection.tsx","statementMap":{"0":{"start":{"line":1,"column":0},"end":{"line":1,"column":24}},"1":{"start":{"line":2,"column":2},"end":{"line":16,"column":null}}},"fnMap":{"0":{"name":"FaqSection","decl":{"start":{"line":1,"column":24},"end":{"line":1,"column":34}},"loc":{"start":{"line":1,"column":34},"end":{"line":17,"column":1}}}},"branchMap":{},"s":{"0":3,"1":2},"f":{"0":2},"b":{}}
,"/Users/maelbourdin/Documents/Epsi/Cours/2025-2026/Workshop/Application/Jamesbond/007/src/app/fanpage/footer.tsx": {"path":"/Users/maelbourdin/Documents/Epsi/Cours/2025-2026/Workshop/Application/Jamesbond/007/src/app/fanpage/footer.tsx","statementMap":{"0":{"start":{"line":1,"column":0},"end":{"line":1,"column":24}},"1":{"start":{"line":2,"column":2},"end":{"line":6,"column":null}}},"fnMap":{"0":{"name":"Footer","decl":{"start":{"line":1,"column":24},"end":{"line":1,"column":30}},"loc":{"start":{"line":1,"column":30},"end":{"line":7,"column":1}}}},"branchMap":{},"s":{"0":3,"1":2},"f":{"0":2},"b":{}}
,"/Users/maelbourdin/Documents/Epsi/Cours/2025-2026/Workshop/Application/Jamesbond/007/src/app/fanpage/heroSection.tsx": {"path":"/Users/maelbourdin/Documents/Epsi/Cours/2025-2026/Workshop/Application/Jamesbond/007/src/app/fanpage/heroSection.tsx","statementMap":{"0":{"start":{"line":4,"column":0},"end":{"line":4,"column":24}},"1":{"start":{"line":1,"column":0},"end":{"line":1,"column":54}},"2":{"start":{"line":2,"column":0},"end":{"line":2,"column":41}},"3":{"start":{"line":5,"column":2},"end":{"line":35,"column":null}}},"fnMap":{"0":{"name":"HeroSection","decl":{"start":{"line":4,"column":24},"end":{"line":4,"column":35}},"loc":{"start":{"line":4,"column":35},"end":{"line":36,"column":1}}}},"branchMap":{},"s":{"0":3,"1":3,"2":3,"3":2},"f":{"0":2},"b":{}}
,"/Users/maelbourdin/Documents/Epsi/Cours/2025-2026/Workshop/Application/Jamesbond/007/src/app/fanpage/landing.tsx": {"path":"/Users/maelbourdin/Documents/Epsi/Cours/2025-2026/Workshop/Application/Jamesbond/007/src/app/fanpage/landing.tsx","statementMap":{"0":{"start":{"line":11,"column":0},"end":{"line":11,"column":24}},"1":{"start":{"line":1,"column":0},"end":{"line":1,"column":39}},"2":{"start":{"line":2,"column":0},"end":{"line":2,"column":49}},"3":{"start":{"line":3,"column":0},"end":{"line":3,"column":29}},"4":{"start":{"line":4,"column":0},"end":{"line":4,"column":47}},"5":{"start":{"line":5,"column":0},"end":{"line":5,"column":41}},"6":{"start":{"line":6,"column":0},"end":{"line":6,"column":37}},"7":{"start":{"line":7,"column":0},"end":{"line":7,"column":51}},"8":{"start":{"line":8,"column":0},"end":{"line":8,"column":59}},"9":{"start":{"line":9,"column":0},"end":{"line":9,"column":39}},"10":{"start":{"line":12,"column":2},"end":{"line":37,"column":null}}},"fnMap":{"0":{"name":"Landing","decl":{"start":{"line":11,"column":24},"end":{"line":11,"column":31}},"loc":{"start":{"line":11,"column":31},"end":{"line":38,"column":1}}}},"branchMap":{},"s":{"0":2,"1":2,"2":2,"3":2,"4":2,"5":2,"6":2,"7":2,"8":2,"9":2,"10":1},"f":{"0":1},"b":{}}
,"/Users/maelbourdin/Documents/Epsi/Cours/2025-2026/Workshop/Application/Jamesbond/007/src/app/fanpage/newsletterSection.tsx": {"path":"/Users/maelbourdin/Documents/Epsi/Cours/2025-2026/Workshop/Application/Jamesbond/007/src/app/fanpage/newsletterSection.tsx","statementMap":{"0":{"start":{"line":3,"column":0},"end":{"line":3,"column":24}},"1":{"start":{"line":1,"column":0},"end":{"line":1,"column":32}},"2":{"start":{"line":4,"column":28},"end":{"line":4,"column":48}},"3":{"start":{"line":5,"column":38},"end":{"line":7,"column":4}},"4":{"start":{"line":6,"column":4},"end":{"line":6,"column":98}},"5":{"start":{"line":6,"column":10},"end":{"line":6,"column":74}},"6":{"start":{"line":6,"column":84},"end":{"line":6,"column":97}},"7":{"start":{"line":10,"column":4},"end":{"line":10,"column":null}},"8":{"start":{"line":13,"column":60},"end":{"line":22,"column":3}},"9":{"start":{"line":14,"column":4},"end":{"line":14,"column":null}},"10":{"start":{"line":15,"column":4},"end":{"line":15,"column":36}},"11":{"start":{"line":15,"column":30},"end":{"line":15,"column":36}},"12":{"start":{"line":16,"column":4},"end":{"line":19,"column":14}},"13":{"start":{"line":17,"column":6},"end":{"line":17,"column":null}},"14":{"start":{"line":18,"column":6},"end":{"line":18,"column":null}},"15":{"start":{"line":20,"column":4},"end":{"line":20,"column":null}},"16":{"start":{"line":21,"column":4},"end":{"line":21,"column":null}},"17":{"start":{"line":24,"column":2},"end":{"line":48,"column":null}},"18":{"start":{"line":32,"column":27},"end":{"line":32,"column":51}}},"fnMap":{"0":{"name":"NewsletterSection","decl":{"start":{"line":3,"column":24},"end":{"line":3,"column":41}},"loc":{"start":{"line":3,"column":41},"end":{"line":49,"column":1}}},"1":{"name":"(anonymous_1)","decl":{"start":{"line":5,"column":56},"end":{"line":5,"column":59}},"loc":{"start":{"line":5,"column":61},"end":{"line":7,"column":3}}},"2":{"name":"isValidEmail","decl":{"start":{"line":9,"column":11},"end":{"line":9,"column":23}},"loc":{"start":{"line":9,"column":37},"end":{"line":11,"column":3}}},"3":{"name":"(anonymous_3)","decl":{"start":{"line":13,"column":60},"end":{"line":13,"column":61}},"loc":{"start":{"line":13,"column":66},"end":{"line":22,"column":3}}},"4":{"name":"(anonymous_4)","decl":{"start":{"line":32,"column":20},"end":{"line":32,"column":21}},"loc":{"start":{"line":32,"column":27},"end":{"line":32,"column":51}}}},"branchMap":{"0":{"loc":{"start":{"line":15,"column":4},"end":{"line":15,"column":36}},"type":"if","locations":[{"start":{"line":15,"column":4},"end":{"line":15,"column":36}},{"start":{},"end":{}}]},"1":{"loc":{"start":{"line":40,"column":11},"end":{"line":40,"column":46}},"type":"cond-expr","locations":[{"start":{"line":40,"column":24},"end":{"line":40,"column":32}},{"start":{"line":40,"column":35},"end":{"line":40,"column":46}}]},"2":{"loc":{"start":{"line":44,"column":7},"end":{"line":45,"column":null}},"type":"binary-expr","locations":[{"start":{"line":44,"column":7},"end":{"line":44,"column":17}},{"start":{"line":45,"column":8},"end":{"line":45,"column":89}}]}},"s":{"0":3,"1":3,"2":5,"3":5,"4":2,"5":2,"6":0,"7":6,"8":5,"9":1,"10":1,"11":0,"12":1,"13":1,"14":1,"15":1,"16":1,"17":5,"18":2},"f":{"0":5,"1":2,"2":6,"3":1,"4":2},"b":{"0":[0,1],"1":[1,4],"2":[5,1]}}
}
