TN:
SF:src/App.tsx
FN:10,resolveRoute
FN:16,App
FN:19,(anonymous_3)
FN:20,(anonymous_4)
FN:22,(anonymous_5)
FNF:5
FNH:4
FNDA:2,resolveRoute
FNDA:2,App
FNDA:2,(anonymous_3)
FNDA:0,(anonymous_4)
FNDA:2,(anonymous_5)
DA:1,2
DA:2,2
DA:3,2
DA:4,2
DA:5,2
DA:6,2
DA:11,2
DA:12,2
DA:13,1
DA:17,2
DA:19,2
DA:20,2
DA:21,2
DA:22,2
DA:25,2
DA:34,2
LF:16
LH:16
BRDA:11,0,0,2
BRDA:11,0,1,0
BRDA:12,1,0,1
BRDA:12,1,1,1
BRDA:27,2,0,1
BRDA:27,2,1,1
BRF:6
BRH:5
end_of_record
TN:
SF:src/main.tsx
FNF:0
FNH:0
DA:1,1
DA:2,1
DA:3,1
DA:4,1
DA:6,1
LF:5
LH:5
BRF:0
BRH:0
end_of_record
TN:
SF:src/app/application/dashboard.tsx
FN:20,Dashboard
FN:43,fetchItems
FN:62,(anonymous_3)
FN:67,(anonymous_4)
FN:75,(anonymous_5)
FN:89,probe
FN:146,(anonymous_7)
FN:156,(anonymous_8)
FN:173,(anonymous_9)
FN:179,(anonymous_10)
FN:213,(anonymous_11)
FN:216,(anonymous_12)
FN:222,(anonymous_13)
FN:231,(anonymous_14)
FN:240,(anonymous_15)
FN:247,(anonymous_16)
FN:254,(anonymous_17)
FN:311,(anonymous_18)
FN:311,(anonymous_19)
FN:326,(anonymous_20)
FN:331,(anonymous_21)
FN:353,(anonymous_22)
FN:358,(anonymous_23)
FN:377,(anonymous_24)
FN:386,(anonymous_25)
FN:407,(anonymous_26)
FN:408,(anonymous_27)
FNF:27
FNH:21
FNDA:31,Dashboard
FNDA:8,fetchItems
FNDA:7,(anonymous_3)
FNDA:20,(anonymous_4)
FNDA:26,(anonymous_5)
FNDA:2,probe
FNDA:13,(anonymous_7)
FNDA:6,(anonymous_8)
FNDA:16,(anonymous_9)
FNDA:27,(anonymous_10)
FNDA:1,(anonymous_11)
FNDA:2,(anonymous_12)
FNDA:46,(anonymous_13)
FNDA:0,(anonymous_14)
FNDA:0,(anonymous_15)
FNDA:1,(anonymous_16)
FNDA:1,(anonymous_17)
FNDA:1,(anonymous_18)
FNDA:1,(anonymous_19)
FNDA:0,(anonymous_20)
FNDA:0,(anonymous_21)
FNDA:0,(anonymous_22)
FNDA:0,(anonymous_23)
FNDA:2,(anonymous_24)
FNDA:1,(anonymous_25)
FNDA:81,(anonymous_26)
FNDA:62,(anonymous_27)
DA:1,2
DA:2,2
DA:3,2
DA:20,2
DA:21,31
DA:22,31
DA:23,31
DA:24,31
DA:25,31
DA:26,31
DA:27,31
DA:28,31
DA:30,31
DA:31,31
DA:32,31
DA:35,31
DA:36,31
DA:37,31
DA:38,31
DA:39,31
DA:40,31
DA:41,31
DA:44,8
DA:45,8
DA:46,8
DA:51,8
DA:52,7
DA:53,7
DA:54,7
DA:56,1
DA:58,8
DA:62,31
DA:63,7
DA:67,31
DA:68,20
DA:69,20
DA:70,39
DA:71,39
DA:72,39
DA:75,26
DA:81,20
DA:82,6
DA:83,6
DA:84,6
DA:86,20
DA:90,2
DA:91,2
DA:92,2
DA:93,2
DA:94,2
DA:95,2
DA:96,2
DA:97,2
DA:98,2
DA:99,2
DA:100,2
DA:101,2
DA:102,1
DA:103,1
DA:104,1
DA:105,0
DA:106,0
DA:108,1
DA:109,1
DA:112,1
DA:114,1
DA:115,1
DA:116,1
DA:117,1
DA:118,0
DA:119,0
DA:120,0
DA:121,0
DA:123,0
DA:124,0
DA:127,1
DA:128,1
DA:129,1
DA:132,1
DA:133,1
DA:135,0
DA:139,0
DA:141,2
DA:146,31
DA:147,13
DA:148,13
DA:149,18
DA:150,12
DA:151,12
DA:152,12
DA:155,13
DA:156,13
DA:173,31
DA:174,16
DA:175,16
DA:176,16
DA:177,16
DA:179,16
DA:180,27
DA:181,27
DA:182,27
DA:183,24
DA:184,23
DA:188,31
DA:214,1
DA:215,1
DA:216,2
DA:217,1
DA:218,1
DA:223,46
DA:231,0
DA:240,0
DA:247,1
DA:254,1
DA:311,1
DA:326,0
DA:332,0
DA:333,0
DA:334,0
DA:335,0
DA:353,0
DA:359,0
DA:360,0
DA:361,0
DA:362,0
DA:377,2
DA:386,1
DA:407,81
DA:409,62
LF:129
LH:107
BRDA:51,0,0,1
BRDA:51,0,1,7
BRDA:52,1,0,7
BRDA:52,1,1,0
BRDA:56,2,0,1
BRDA:56,2,1,0
BRDA:71,3,0,39
BRDA:71,3,1,0
BRDA:71,4,0,39
BRDA:71,4,1,13
BRDA:77,5,0,26
BRDA:77,5,1,0
BRDA:78,6,0,26
BRDA:78,6,1,13
BRDA:81,7,0,6
BRDA:81,7,1,14
BRDA:81,8,0,20
BRDA:81,8,1,13
BRDA:84,9,0,6
BRDA:84,9,1,6
BRDA:93,10,0,1
BRDA:93,10,1,1
BRDA:94,11,0,1
BRDA:94,11,1,1
BRDA:95,12,0,2
BRDA:95,12,1,2
BRDA:95,13,0,2
BRDA:95,13,1,2
BRDA:95,14,0,2
BRDA:95,14,1,0
BRDA:96,15,0,0
BRDA:96,15,1,2
BRDA:97,16,0,1
BRDA:97,16,1,1
BRDA:100,17,0,2
BRDA:100,17,1,0
BRDA:101,18,0,1
BRDA:101,18,1,1
BRDA:104,19,0,0
BRDA:104,19,1,1
BRDA:106,20,0,0
BRDA:106,20,1,0
BRDA:109,21,0,1
BRDA:109,21,1,0
BRDA:109,22,0,1
BRDA:109,22,1,1
BRDA:117,23,0,0
BRDA:117,23,1,1
BRDA:119,24,0,0
BRDA:119,24,1,0
BRDA:121,25,0,0
BRDA:121,25,1,0
BRDA:123,26,0,0
BRDA:123,26,1,0
BRDA:124,27,0,0
BRDA:124,27,1,0
BRDA:124,27,2,0
BRDA:129,28,0,1
BRDA:129,28,1,0
BRDA:132,29,0,1
BRDA:132,29,1,0
BRDA:132,30,0,1
BRDA:132,30,1,1
BRDA:139,31,0,0
BRDA:139,31,1,0
BRDA:149,32,0,6
BRDA:149,32,1,12
BRDA:149,33,0,18
BRDA:149,33,1,12
BRDA:151,34,0,12
BRDA:151,34,1,0
BRDA:151,35,0,12
BRDA:151,35,1,6
BRDA:160,36,0,6
BRDA:160,36,1,6
BRDA:161,37,0,6
BRDA:161,37,1,6
BRDA:174,38,0,0
BRDA:174,38,1,16
BRDA:175,39,0,0
BRDA:175,39,1,16
BRDA:181,40,0,0
BRDA:181,40,1,27
BRDA:181,41,0,27
BRDA:181,41,1,27
BRDA:182,42,0,3
BRDA:182,42,1,24
BRDA:182,43,0,27
BRDA:182,43,1,3
BRDA:183,44,0,1
BRDA:183,44,1,23
BRDA:183,45,0,24
BRDA:183,45,1,3
BRDA:183,46,0,3
BRDA:183,46,1,0
BRDA:195,47,0,31
BRDA:195,47,1,23
BRDA:199,48,0,8
BRDA:199,48,1,23
BRDA:201,49,0,8
BRDA:201,49,1,23
BRDA:217,50,0,1
BRDA:217,50,1,0
BRDA:218,51,0,1
BRDA:218,51,1,0
BRDA:248,52,0,31
BRDA:248,52,1,29
BRDA:249,53,0,2
BRDA:249,53,1,29
BRDA:256,54,0,2
BRDA:256,54,1,29
BRDA:266,55,0,28
BRDA:266,55,1,3
BRDA:271,56,0,3
BRDA:271,56,1,0
BRDA:273,57,0,3
BRDA:273,57,1,0
BRDA:274,58,0,3
BRDA:274,58,1,0
BRDA:283,59,0,1
BRDA:283,59,1,30
BRDA:291,60,0,31
BRDA:291,60,1,0
BRDA:298,61,0,31
BRDA:298,61,1,8
BRDA:299,62,0,31
BRDA:299,62,1,1
BRDA:301,63,0,31
BRDA:301,63,1,23
BRDA:301,63,2,22
BRDA:314,64,0,4
BRDA:314,64,1,18
BRDA:317,65,0,22
BRDA:317,65,1,4
BRDA:333,66,0,0
BRDA:333,66,1,0
BRDA:335,67,0,0
BRDA:335,67,1,0
BRDA:360,68,0,0
BRDA:360,68,1,0
BRDA:362,69,0,0
BRDA:362,69,1,0
BRDA:414,70,0,42
BRDA:414,70,1,20
BRDA:414,71,0,62
BRDA:414,71,1,42
BRDA:418,72,0,62
BRDA:418,72,1,0
BRF:148
BRH:103
end_of_record
TN:
SF:src/app/components/button.tsx
FN:34,Spinner
FN:60,Button
FNF:2
FNH:2
FNDA:2,Spinner
FNDA:15,Button
DA:15,6
DA:28,6
DA:35,2
DA:60,6
DA:72,15
DA:74,15
DA:83,15
DA:93,15
LF:8
LH:8
BRDA:61,0,0,15
BRDA:62,1,0,10
BRDA:63,2,0,7
BRDA:64,3,0,15
BRDA:65,4,0,13
BRDA:72,5,0,15
BRDA:72,5,1,15
BRDA:87,6,0,0
BRDA:87,6,1,15
BRDA:95,7,0,2
BRDA:95,7,1,13
BRDA:99,8,0,1
BRDA:99,8,1,12
BRDA:101,9,0,1
BRDA:101,9,1,12
BRF:15
BRH:14
end_of_record
TN:
SF:src/app/components/draggableBottle.tsx
FN:6,DraggableBottle
FN:7,(anonymous_2)
FN:10,(anonymous_3)
FN:18,(anonymous_4)
FN:23,(anonymous_5)
FN:24,(anonymous_6)
FN:29,(anonymous_7)
FN:32,(anonymous_8)
FN:38,(anonymous_9)
FN:44,(anonymous_10)
FN:45,(anonymous_11)
FN:51,(anonymous_12)
FN:54,(anonymous_13)
FN:55,(anonymous_14)
FN:58,(anonymous_15)
FN:73,(anonymous_16)
FNF:16
FNH:13
FNDA:7,DraggableBottle
FNDA:5,(anonymous_2)
FNDA:5,(anonymous_3)
FNDA:5,(anonymous_4)
FNDA:5,(anonymous_5)
FNDA:0,(anonymous_6)
FNDA:1,(anonymous_7)
FNDA:5,(anonymous_8)
FNDA:5,(anonymous_9)
FNDA:6,(anonymous_10)
FNDA:1,(anonymous_11)
FNDA:1,(anonymous_12)
FNDA:0,(anonymous_13)
FNDA:0,(anonymous_14)
FNDA:6,(anonymous_15)
FNDA:1,(anonymous_16)
DA:1,2
DA:2,2
DA:6,2
DA:7,7
DA:8,5
DA:10,7
DA:11,5
DA:12,5
DA:13,5
DA:15,5
DA:17,7
DA:18,7
DA:19,5
DA:21,7
DA:23,7
DA:24,5
DA:25,0
DA:26,0
DA:29,5
DA:30,5
DA:31,5
DA:32,5
DA:33,5
DA:34,5
DA:38,7
DA:39,5
DA:40,5
DA:41,5
DA:44,7
DA:45,6
DA:46,1
DA:47,0
DA:48,0
DA:49,0
DA:51,6
DA:52,6
DA:53,6
DA:54,6
DA:55,6
DA:56,6
DA:57,6
DA:58,6
DA:59,6
DA:60,6
DA:61,6
DA:62,6
DA:66,7
DA:68,4
DA:74,1
DA:75,1
DA:76,1
DA:77,1
DA:78,1
DA:79,1
DA:80,1
LF:55
LH:50
BRDA:13,0,0,0
BRDA:13,0,1,5
BRDA:25,1,0,0
BRDA:25,1,1,0
BRDA:46,2,0,1
BRDA:46,2,1,0
BRDA:47,3,0,0
BRDA:47,3,1,0
BRDA:48,4,0,0
BRDA:48,4,1,0
BRDA:66,5,0,3
BRDA:66,5,1,4
BRDA:66,6,0,7
BRDA:66,6,1,5
BRDA:78,7,0,0
BRDA:78,7,1,1
BRDA:79,8,0,0
BRDA:79,8,1,1
BRF:18
BRH:8
end_of_record
TN:
SF:src/app/components/draggableOlive.tsx
FN:6,DraggableOlive
FN:7,(anonymous_2)
FN:16,(anonymous_3)
FN:21,(anonymous_4)
FN:29,(anonymous_5)
FN:30,(anonymous_6)
FN:37,(anonymous_7)
FN:40,(anonymous_8)
FN:43,(anonymous_9)
FN:48,(anonymous_10)
FN:63,(anonymous_11)
FNF:11
FNH:11
FNDA:7,DraggableOlive
FNDA:4,(anonymous_2)
FNDA:4,(anonymous_3)
FNDA:4,(anonymous_4)
FNDA:5,(anonymous_5)
FNDA:1,(anonymous_6)
FNDA:1,(anonymous_7)
FNDA:1,(anonymous_8)
FNDA:1,(anonymous_9)
FNDA:5,(anonymous_10)
FNDA:1,(anonymous_11)
DA:1,2
DA:2,2
DA:6,2
DA:7,7
DA:9,4
DA:10,4
DA:11,4
DA:13,4
DA:15,7
DA:16,7
DA:17,4
DA:19,7
DA:21,7
DA:22,4
DA:23,4
DA:25,4
DA:26,4
DA:29,7
DA:30,5
DA:31,1
DA:33,0
DA:34,0
DA:35,0
DA:37,5
DA:38,5
DA:39,5
DA:40,5
DA:41,1
DA:43,5
DA:44,1
DA:46,5
DA:47,5
DA:48,5
DA:49,5
DA:50,5
DA:51,5
DA:52,5
DA:56,7
DA:58,5
DA:64,1
DA:65,1
DA:66,1
DA:68,1
DA:69,1
DA:70,1
DA:71,1
LF:46
LH:43
BRDA:11,0,0,0
BRDA:11,0,1,4
BRDA:31,1,0,1
BRDA:31,1,1,0
BRDA:33,2,0,0
BRDA:33,2,1,0
BRDA:34,3,0,0
BRDA:34,3,1,0
BRDA:56,4,0,2
BRDA:56,4,1,5
BRDA:69,5,0,0
BRDA:69,5,1,1
BRDA:70,6,0,0
BRDA:70,6,1,1
BRF:14
BRH:6
end_of_record
TN:
SF:src/app/components/interactiveMap.tsx
FN:32,InteractiveMap
FN:38,(anonymous_2)
FN:42,(anonymous_3)
FN:55,(anonymous_4)
FN:61,(anonymous_5)
FN:68,(anonymous_6)
FN:80,(anonymous_7)
FN:81,(anonymous_8)
FN:88,(anonymous_9)
FN:89,(anonymous_10)
FN:97,(anonymous_11)
FN:103,(anonymous_12)
FN:125,(anonymous_13)
FNF:13
FNH:11
FNDA:2,InteractiveMap
FNDA:1,(anonymous_2)
FNDA:2,(anonymous_3)
FNDA:0,(anonymous_4)
FNDA:1,(anonymous_5)
FNDA:0,(anonymous_6)
FNDA:1,(anonymous_7)
FNDA:1,(anonymous_8)
FNDA:1,(anonymous_9)
FNDA:1,(anonymous_10)
FNDA:1,(anonymous_11)
FNDA:1,(anonymous_12)
FNDA:1,(anonymous_13)
DA:1,2
DA:2,2
DA:3,2
DA:6,2
DA:7,2
DA:32,2
DA:33,2
DA:34,2
DA:35,2
DA:36,2
DA:38,2
DA:39,1
DA:42,2
DA:43,2
DA:46,1
DA:47,1
DA:49,1
DA:55,1
DA:56,0
DA:58,1
DA:61,1
DA:62,1
DA:63,1
DA:65,1
DA:68,0
DA:70,1
DA:74,1
DA:75,1
DA:76,1
DA:80,1
DA:81,1
DA:82,1
DA:84,1
DA:88,2
DA:89,1
DA:90,1
DA:91,1
DA:92,1
DA:97,2
DA:98,1
DA:99,1
DA:100,0
DA:103,2
DA:104,1
DA:125,2
DA:126,1
DA:146,2
DA:147,1
DA:154,1
LF:49
LH:46
BRDA:43,0,0,1
BRDA:43,0,1,1
BRDA:43,1,0,2
BRDA:43,1,1,1
BRDA:46,2,0,1
BRDA:46,2,1,0
BRDA:74,3,0,1
BRDA:74,3,1,0
BRDA:90,4,0,1
BRDA:90,4,1,0
BRDA:98,5,0,0
BRDA:98,5,1,1
BRDA:99,6,0,1
BRDA:99,6,1,0
BRDA:131,7,0,0
BRDA:131,7,1,1
BRDA:132,8,0,0
BRDA:132,8,1,1
BRDA:140,9,0,0
BRDA:140,9,1,1
BRDA:141,10,0,0
BRDA:141,10,1,1
BRDA:146,11,0,1
BRDA:146,11,1,1
BRF:24
BRH:15
end_of_record
TN:
SF:src/app/components/reset.tsx
FN:3,Reset
FN:4,handleReset
FNF:2
FNH:2
FNDA:2,Reset
FNDA:1,handleReset
DA:1,2
DA:3,2
DA:5,1
DA:6,1
DA:7,1
DA:8,1
DA:9,1
DA:10,1
DA:13,1
DA:16,2
LF:10
LH:10
BRF:0
BRH:0
end_of_record
TN:
SF:src/app/components/stationaryGlass.tsx
FN:10,StationaryGlass
FN:16,(anonymous_2)
FN:20,(anonymous_3)
FN:36,(anonymous_4)
FN:37,(anonymous_5)
FN:52,(anonymous_6)
FN:71,(anonymous_7)
FN:72,(anonymous_8)
FN:75,(anonymous_9)
FNF:9
FNH:9
FNDA:7,StationaryGlass
FNDA:4,(anonymous_2)
FNDA:7,(anonymous_3)
FNDA:4,(anonymous_4)
FNDA:3,(anonymous_5)
FNDA:6,(anonymous_6)
FNDA:2,(anonymous_7)
FNDA:1,(anonymous_8)
FNDA:4,(anonymous_9)
DA:1,2
DA:2,2
DA:3,2
DA:4,2
DA:10,2
DA:11,7
DA:12,7
DA:13,7
DA:14,7
DA:15,7
DA:16,7
DA:17,4
DA:20,7
DA:22,7
DA:23,1
DA:24,1
DA:25,1
DA:26,6
DA:28,5
DA:29,0
DA:30,0
DA:31,0
DA:36,7
DA:37,4
DA:38,3
DA:39,3
DA:40,3
DA:41,3
DA:43,3
DA:44,3
DA:45,3
DA:46,3
DA:47,3
DA:49,3
DA:50,1
DA:52,3
DA:53,6
DA:54,4
DA:55,4
DA:56,4
DA:57,4
DA:58,4
DA:66,3
DA:67,3
DA:68,3
DA:69,3
DA:71,4
DA:72,4
DA:73,4
DA:74,4
DA:75,4
DA:76,4
DA:77,4
DA:81,7
DA:82,6
DA:103,1
LF:56
LH:53
BRDA:10,0,0,0
BRDA:22,1,0,1
BRDA:22,1,1,6
BRDA:22,2,0,7
BRDA:22,2,1,3
BRDA:22,2,2,2
BRDA:26,3,0,5
BRDA:26,3,1,1
BRDA:26,4,0,6
BRDA:26,4,1,2
BRDA:28,5,0,0
BRDA:28,5,1,5
BRDA:39,6,0,0
BRDA:39,6,1,3
BRDA:45,7,0,3
BRDA:45,7,1,0
BRDA:46,8,0,3
BRDA:46,8,1,0
BRDA:49,9,0,2
BRDA:49,9,1,1
BRDA:53,10,0,2
BRDA:53,10,1,4
BRDA:59,11,0,4
BRDA:59,11,1,4
BRDA:59,11,2,4
BRDA:59,11,3,4
BRDA:81,12,0,6
BRDA:81,12,1,1
BRDA:90,13,0,1
BRDA:90,13,1,5
BRDA:94,14,0,6
BRDA:94,14,1,1
BRDA:111,15,0,0
BRDA:111,15,1,1
BRDA:116,16,0,1
BRDA:116,16,1,0
BRF:36
BRH:29
end_of_record
TN:
SF:src/app/fanpage/aboutSection.tsx
FN:1,AboutSection
FNF:1
FNH:1
FNDA:2,AboutSection
DA:1,3
DA:2,2
LF:2
LH:2
BRF:0
BRH:0
end_of_record
TN:
SF:src/app/fanpage/carrouselSection.tsx
FN:7,CarrouselSection
FN:21,(anonymous_2)
FNF:2
FNH:2
FNDA:2,CarrouselSection
FNDA:16,(anonymous_2)
DA:1,3
DA:2,3
DA:3,3
DA:4,3
DA:7,3
DA:8,2
DA:22,16
LF:7
LH:7
BRF:0
BRH:0
end_of_record
TN:
SF:src/app/fanpage/dossiersSection.tsx
FN:9,DossiersSection
FN:17,(anonymous_2)
FNF:2
FNH:2
FNDA:2,DossiersSection
FNDA:12,(anonymous_2)
DA:1,3
DA:2,3
DA:3,3
DA:4,3
DA:5,3
DA:6,3
DA:9,3
DA:10,2
DA:18,12
LF:9
LH:9
BRF:0
BRH:0
end_of_record
TN:
SF:src/app/fanpage/faqSection.tsx
FN:1,FaqSection
FNF:1
FNH:1
FNDA:2,FaqSection
DA:1,3
DA:2,2
LF:2
LH:2
BRF:0
BRH:0
end_of_record
TN:
SF:src/app/fanpage/footer.tsx
FN:1,Footer
FNF:1
FNH:1
FNDA:2,Footer
DA:1,3
DA:2,2
LF:2
LH:2
BRF:0
BRH:0
end_of_record
TN:
SF:src/app/fanpage/heroSection.tsx
FN:4,HeroSection
FNF:1
FNH:1
FNDA:2,HeroSection
DA:1,3
DA:2,3
DA:4,3
DA:5,2
LF:4
LH:4
BRF:0
BRH:0
end_of_record
TN:
SF:src/app/fanpage/landing.tsx
FN:11,Landing
FNF:1
FNH:1
FNDA:1,Landing
DA:1,2
DA:2,2
DA:3,2
DA:4,2
DA:5,2
DA:6,2
DA:7,2
DA:8,2
DA:9,2
DA:11,2
DA:12,1
LF:11
LH:11
BRF:0
BRH:0
end_of_record
TN:
SF:src/app/fanpage/newsletterSection.tsx
FN:3,NewsletterSection
FN:5,(anonymous_1)
FN:9,isValidEmail
FN:13,(anonymous_3)
FN:32,(anonymous_4)
FNF:5
FNH:5
FNDA:5,NewsletterSection
FNDA:2,(anonymous_1)
FNDA:6,isValidEmail
FNDA:1,(anonymous_3)
FNDA:2,(anonymous_4)
DA:1,3
DA:3,3
DA:4,5
DA:5,5
DA:6,2
DA:10,6
DA:13,5
DA:14,1
DA:15,1
DA:16,1
DA:17,1
DA:18,1
DA:20,1
DA:21,1
DA:24,5
DA:32,2
LF:16
LH:16
BRDA:15,0,0,0
BRDA:15,0,1,1
BRDA:40,1,0,1
BRDA:40,1,1,4
BRDA:44,2,0,5
BRDA:44,2,1,1
BRF:6
BRH:5
end_of_record
